========================================================
CUSTO ÓTIMO COM ILS (gargalo): 13
========================================================

Tarefa 0 → Agente 155
Tarefa 1 → Agente 122
Tarefa 2 → Agente 428
Tarefa 3 → Agente 393
Tarefa 4 → Agente 33
Tarefa 5 → Agente 147
Tarefa 6 → Agente 139
Tarefa 7 → Agente 318
Tarefa 8 → Agente 442
Tarefa 9 → Agente 110
Tarefa 10 → Agente 235
Tarefa 11 → Agente 495
Tarefa 12 → Agente 367
Tarefa 13 → Agente 174
Tarefa 14 → Agente 439
Tarefa 15 → Agente 237
Tarefa 16 → Agente 347
Tarefa 17 → Agente 385
Tarefa 18 → Agente 419
Tarefa 19 → Agente 148
Tarefa 20 → Agente 7
Tarefa 21 → Agente 197
Tarefa 22 → Agente 88
Tarefa 23 → Agente 97
Tarefa 24 → Agente 93
Tarefa 25 → Agente 386
Tarefa 26 → Agente 13
Tarefa 27 → Agente 433
Tarefa 28 → Agente 493
Tarefa 29 → Agente 336
Tarefa 30 → Agente 491
Tarefa 31 → Agente 17
Tarefa 32 → Agente 359
Tarefa 33 → Agente 67
Tarefa 34 → Agente 301
Tarefa 35 → Agente 283
Tarefa 36 → Agente 449
Tarefa 37 → Agente 144
Tarefa 38 → Agente 417
Tarefa 39 → Agente 215
Tarefa 40 → Agente 180
Tarefa 41 → Agente 41
Tarefa 42 → Agente 68
Tarefa 43 → Agente 4
Tarefa 44 → Agente 426
Tarefa 45 → Agente 277
Tarefa 46 → Agente 289
Tarefa 47 → Agente 295
Tarefa 48 → Agente 470
Tarefa 49 → Agente 434
Tarefa 50 → Agente 112
Tarefa 51 → Agente 365
Tarefa 52 → Agente 363
Tarefa 53 → Agente 20
Tarefa 54 → Agente 391
Tarefa 55 → Agente 14
Tarefa 56 → Agente 305
Tarefa 57 → Agente 29
Tarefa 58 → Agente 106
Tarefa 59 → Agente 179
Tarefa 60 → Agente 344
Tarefa 61 → Agente 256
Tarefa 62 → Agente 317
Tarefa 63 → Agente 218
Tarefa 64 → Agente 249
Tarefa 65 → Agente 223
Tarefa 66 → Agente 278
Tarefa 67 → Agente 187
Tarefa 68 → Agente 229
Tarefa 69 → Agente 58
Tarefa 70 → Agente 436
Tarefa 71 → Agente 263
Tarefa 72 → Agente 157
Tarefa 73 → Agente 459
Tarefa 74 → Agente 374
Tarefa 75 → Agente 454
Tarefa 76 → Agente 354
Tarefa 77 → Agente 409
Tarefa 78 → Agente 175
Tarefa 79 → Agente 236
Tarefa 80 → Agente 420
Tarefa 81 → Agente 413
Tarefa 82 → Agente 231
Tarefa 83 → Agente 499
Tarefa 84 → Agente 74
Tarefa 85 → Agente 287
Tarefa 86 → Agente 353
Tarefa 87 → Agente 312
Tarefa 88 → Agente 330
Tarefa 89 → Agente 181
Tarefa 90 → Agente 489
Tarefa 91 → Agente 488
Tarefa 92 → Agente 255
Tarefa 93 → Agente 440
Tarefa 94 → Agente 314
Tarefa 95 → Agente 124
Tarefa 96 → Agente 43
Tarefa 97 → Agente 118
Tarefa 98 → Agente 168
Tarefa 99 → Agente 332
Tarefa 100 → Agente 362
Tarefa 101 → Agente 0
Tarefa 102 → Agente 325
Tarefa 103 → Agente 329
Tarefa 104 → Agente 104
Tarefa 105 → Agente 373
Tarefa 106 → Agente 129
Tarefa 107 → Agente 257
Tarefa 108 → Agente 345
Tarefa 109 → Agente 120
Tarefa 110 → Agente 355
Tarefa 111 → Agente 208
Tarefa 112 → Agente 169
Tarefa 113 → Agente 161
Tarefa 114 → Agente 137
Tarefa 115 → Agente 86
Tarefa 116 → Agente 232
Tarefa 117 → Agente 264
Tarefa 118 → Agente 84
Tarefa 119 → Agente 406
Tarefa 120 → Agente 188
Tarefa 121 → Agente 57
Tarefa 122 → Agente 498
Tarefa 123 → Agente 476
Tarefa 124 → Agente 145
Tarefa 125 → Agente 389
Tarefa 126 → Agente 141
Tarefa 127 → Agente 217
Tarefa 128 → Agente 47
Tarefa 129 → Agente 261
Tarefa 130 → Agente 331
Tarefa 131 → Agente 195
Tarefa 132 → Agente 138
Tarefa 133 → Agente 396
Tarefa 134 → Agente 59
Tarefa 135 → Agente 487
Tarefa 136 → Agente 91
Tarefa 137 → Agente 94
Tarefa 138 → Agente 421
Tarefa 139 → Agente 322
Tarefa 140 → Agente 65
Tarefa 141 → Agente 192
Tarefa 142 → Agente 464
Tarefa 143 → Agente 269
Tarefa 144 → Agente 123
Tarefa 145 → Agente 201
Tarefa 146 → Agente 346
Tarefa 147 → Agente 246
Tarefa 148 → Agente 95
Tarefa 149 → Agente 76
Tarefa 150 → Agente 226
Tarefa 151 → Agente 284
Tarefa 152 → Agente 466
Tarefa 153 → Agente 185
Tarefa 154 → Agente 5
Tarefa 155 → Agente 455
Tarefa 156 → Agente 351
Tarefa 157 → Agente 485
Tarefa 158 → Agente 497
Tarefa 159 → Agente 198
Tarefa 160 → Agente 401
Tarefa 161 → Agente 481
Tarefa 162 → Agente 382
Tarefa 163 → Agente 297
Tarefa 164 → Agente 151
Tarefa 165 → Agente 52
Tarefa 166 → Agente 121
Tarefa 167 → Agente 384
Tarefa 168 → Agente 163
Tarefa 169 → Agente 272
Tarefa 170 → Agente 335
Tarefa 171 → Agente 262
Tarefa 172 → Agente 377
Tarefa 173 → Agente 135
Tarefa 174 → Agente 160
Tarefa 175 → Agente 78
Tarefa 176 → Agente 186
Tarefa 177 → Agente 327
Tarefa 178 → Agente 50
Tarefa 179 → Agente 381
Tarefa 180 → Agente 356
Tarefa 181 → Agente 259
Tarefa 182 → Agente 472
Tarefa 183 → Agente 342
Tarefa 184 → Agente 63
Tarefa 185 → Agente 92
Tarefa 186 → Agente 452
Tarefa 187 → Agente 178
Tarefa 188 → Agente 191
Tarefa 189 → Agente 242
Tarefa 190 → Agente 48
Tarefa 191 → Agente 213
Tarefa 192 → Agente 437
Tarefa 193 → Agente 375
Tarefa 194 → Agente 98
Tarefa 195 → Agente 26
Tarefa 196 → Agente 36
Tarefa 197 → Agente 40
Tarefa 198 → Agente 230
Tarefa 199 → Agente 445
Tarefa 200 → Agente 64
Tarefa 201 → Agente 243
Tarefa 202 → Agente 173
Tarefa 203 → Agente 62
Tarefa 204 → Agente 453
Tarefa 205 → Agente 8
Tarefa 206 → Agente 109
Tarefa 207 → Agente 411
Tarefa 208 → Agente 308
Tarefa 209 → Agente 412
Tarefa 210 → Agente 69
Tarefa 211 → Agente 311
Tarefa 212 → Agente 216
Tarefa 213 → Agente 496
Tarefa 214 → Agente 83
Tarefa 215 → Agente 134
Tarefa 216 → Agente 435
Tarefa 217 → Agente 315
Tarefa 218 → Agente 271
Tarefa 219 → Agente 253
Tarefa 220 → Agente 484
Tarefa 221 → Agente 274
Tarefa 222 → Agente 206
Tarefa 223 → Agente 279
Tarefa 224 → Agente 410
Tarefa 225 → Agente 125
Tarefa 226 → Agente 361
Tarefa 227 → Agente 149
Tarefa 228 → Agente 360
Tarefa 229 → Agente 72
Tarefa 230 → Agente 45
Tarefa 231 → Agente 300
Tarefa 232 → Agente 313
Tarefa 233 → Agente 366
Tarefa 234 → Agente 70
Tarefa 235 → Agente 407
Tarefa 236 → Agente 82
Tarefa 237 → Agente 418
Tarefa 238 → Agente 462
Tarefa 239 → Agente 99
Tarefa 240 → Agente 51
Tarefa 241 → Agente 239
Tarefa 242 → Agente 240
Tarefa 243 → Agente 176
Tarefa 244 → Agente 460
Tarefa 245 → Agente 352
Tarefa 246 → Agente 241
Tarefa 247 → Agente 379
Tarefa 248 → Agente 371
Tarefa 249 → Agente 38
Tarefa 250 → Agente 265
Tarefa 251 → Agente 281
Tarefa 252 → Agente 25
Tarefa 253 → Agente 387
Tarefa 254 → Agente 228
Tarefa 255 → Agente 288
Tarefa 256 → Agente 117
Tarefa 257 → Agente 403
Tarefa 258 → Agente 89
Tarefa 259 → Agente 282
Tarefa 260 → Agente 19
Tarefa 261 → Agente 15
Tarefa 262 → Agente 154
Tarefa 263 → Agente 126
Tarefa 264 → Agente 267
Tarefa 265 → Agente 473
Tarefa 266 → Agente 60
Tarefa 267 → Agente 165
Tarefa 268 → Agente 441
Tarefa 269 → Agente 438
Tarefa 270 → Agente 296
Tarefa 271 → Agente 465
Tarefa 272 → Agente 21
Tarefa 273 → Agente 474
Tarefa 274 → Agente 370
Tarefa 275 → Agente 80
Tarefa 276 → Agente 398
Tarefa 277 → Agente 6
Tarefa 278 → Agente 463
Tarefa 279 → Agente 349
Tarefa 280 → Agente 306
Tarefa 281 → Agente 392
Tarefa 282 → Agente 85
Tarefa 283 → Agente 368
Tarefa 284 → Agente 290
Tarefa 285 → Agente 252
Tarefa 286 → Agente 458
Tarefa 287 → Agente 408
Tarefa 288 → Agente 378
Tarefa 289 → Agente 286
Tarefa 290 → Agente 172
Tarefa 291 → Agente 108
Tarefa 292 → Agente 56
Tarefa 293 → Agente 432
Tarefa 294 → Agente 245
Tarefa 295 → Agente 234
Tarefa 296 → Agente 12
Tarefa 297 → Agente 298
Tarefa 298 → Agente 209
Tarefa 299 → Agente 424
Tarefa 300 → Agente 101
Tarefa 301 → Agente 28
Tarefa 302 → Agente 2
Tarefa 303 → Agente 102
Tarefa 304 → Agente 214
Tarefa 305 → Agente 10
Tarefa 306 → Agente 87
Tarefa 307 → Agente 66
Tarefa 308 → Agente 105
Tarefa 309 → Agente 244
Tarefa 310 → Agente 266
Tarefa 311 → Agente 9
Tarefa 312 → Agente 364
Tarefa 313 → Agente 34
Tarefa 314 → Agente 207
Tarefa 315 → Agente 132
Tarefa 316 → Agente 119
Tarefa 317 → Agente 447
Tarefa 318 → Agente 111
Tarefa 319 → Agente 182
Tarefa 320 → Agente 233
Tarefa 321 → Agente 404
Tarefa 322 → Agente 294
Tarefa 323 → Agente 23
Tarefa 324 → Agente 73
Tarefa 325 → Agente 376
Tarefa 326 → Agente 220
Tarefa 327 → Agente 200
Tarefa 328 → Agente 199
Tarefa 329 → Agente 383
Tarefa 330 → Agente 189
Tarefa 331 → Agente 142
Tarefa 332 → Agente 333
Tarefa 333 → Agente 183
Tarefa 334 → Agente 35
Tarefa 335 → Agente 357
Tarefa 336 → Agente 443
Tarefa 337 → Agente 152
Tarefa 338 → Agente 400
Tarefa 339 → Agente 100
Tarefa 340 → Agente 388
Tarefa 341 → Agente 210
Tarefa 342 → Agente 22
Tarefa 343 → Agente 222
Tarefa 344 → Agente 369
Tarefa 345 → Agente 193
Tarefa 346 → Agente 177
Tarefa 347 → Agente 494
Tarefa 348 → Agente 205
Tarefa 349 → Agente 42
Tarefa 350 → Agente 166
Tarefa 351 → Agente 348
Tarefa 352 → Agente 113
Tarefa 353 → Agente 27
Tarefa 354 → Agente 310
Tarefa 355 → Agente 469
Tarefa 356 → Agente 54
Tarefa 357 → Agente 291
Tarefa 358 → Agente 221
Tarefa 359 → Agente 467
Tarefa 360 → Agente 128
Tarefa 361 → Agente 477
Tarefa 362 → Agente 190
Tarefa 363 → Agente 402
Tarefa 364 → Agente 46
Tarefa 365 → Agente 450
Tarefa 366 → Agente 319
Tarefa 367 → Agente 158
Tarefa 368 → Agente 77
Tarefa 369 → Agente 32
Tarefa 370 → Agente 334
Tarefa 371 → Agente 251
Tarefa 372 → Agente 323
Tarefa 373 → Agente 196
Tarefa 374 → Agente 238
Tarefa 375 → Agente 350
Tarefa 376 → Agente 340
Tarefa 377 → Agente 212
Tarefa 378 → Agente 130
Tarefa 379 → Agente 341
Tarefa 380 → Agente 276
Tarefa 381 → Agente 61
Tarefa 382 → Agente 316
Tarefa 383 → Agente 423
Tarefa 384 → Agente 273
Tarefa 385 → Agente 53
Tarefa 386 → Agente 478
Tarefa 387 → Agente 338
Tarefa 388 → Agente 337
Tarefa 389 → Agente 156
Tarefa 390 → Agente 39
Tarefa 391 → Agente 299
Tarefa 392 → Agente 475
Tarefa 393 → Agente 451
Tarefa 394 → Agente 219
Tarefa 395 → Agente 153
Tarefa 396 → Agente 416
Tarefa 397 → Agente 162
Tarefa 398 → Agente 211
Tarefa 399 → Agente 224
Tarefa 400 → Agente 422
Tarefa 401 → Agente 146
Tarefa 402 → Agente 127
Tarefa 403 → Agente 3
Tarefa 404 → Agente 395
Tarefa 405 → Agente 479
Tarefa 406 → Agente 49
Tarefa 407 → Agente 18
Tarefa 408 → Agente 75
Tarefa 409 → Agente 170
Tarefa 410 → Agente 486
Tarefa 411 → Agente 1
Tarefa 412 → Agente 140
Tarefa 413 → Agente 431
Tarefa 414 → Agente 461
Tarefa 415 → Agente 343
Tarefa 416 → Agente 490
Tarefa 417 → Agente 270
Tarefa 418 → Agente 414
Tarefa 419 → Agente 115
Tarefa 420 → Agente 107
Tarefa 421 → Agente 372
Tarefa 422 → Agente 16
Tarefa 423 → Agente 309
Tarefa 424 → Agente 285
Tarefa 425 → Agente 427
Tarefa 426 → Agente 79
Tarefa 427 → Agente 468
Tarefa 428 → Agente 225
Tarefa 429 → Agente 131
Tarefa 430 → Agente 292
Tarefa 431 → Agente 397
Tarefa 432 → Agente 204
Tarefa 433 → Agente 339
Tarefa 434 → Agente 81
Tarefa 435 → Agente 96
Tarefa 436 → Agente 30
Tarefa 437 → Agente 150
Tarefa 438 → Agente 328
Tarefa 439 → Agente 227
Tarefa 440 → Agente 133
Tarefa 441 → Agente 171
Tarefa 442 → Agente 250
Tarefa 443 → Agente 254
Tarefa 444 → Agente 444
Tarefa 445 → Agente 268
Tarefa 446 → Agente 71
Tarefa 447 → Agente 456
Tarefa 448 → Agente 103
Tarefa 449 → Agente 136
Tarefa 450 → Agente 248
Tarefa 451 → Agente 184
Tarefa 452 → Agente 143
Tarefa 453 → Agente 304
Tarefa 454 → Agente 429
Tarefa 455 → Agente 303
Tarefa 456 → Agente 247
Tarefa 457 → Agente 492
Tarefa 458 → Agente 394
Tarefa 459 → Agente 24
Tarefa 460 → Agente 302
Tarefa 461 → Agente 380
Tarefa 462 → Agente 194
Tarefa 463 → Agente 482
Tarefa 464 → Agente 415
Tarefa 465 → Agente 457
Tarefa 466 → Agente 471
Tarefa 467 → Agente 390
Tarefa 468 → Agente 258
Tarefa 469 → Agente 114
Tarefa 470 → Agente 293
Tarefa 471 → Agente 425
Tarefa 472 → Agente 37
Tarefa 473 → Agente 116
Tarefa 474 → Agente 430
Tarefa 475 → Agente 159
Tarefa 476 → Agente 446
Tarefa 477 → Agente 405
Tarefa 478 → Agente 324
Tarefa 479 → Agente 164
Tarefa 480 → Agente 44
Tarefa 481 → Agente 358
Tarefa 482 → Agente 280
Tarefa 483 → Agente 167
Tarefa 484 → Agente 90
Tarefa 485 → Agente 483
Tarefa 486 → Agente 480
Tarefa 487 → Agente 275
Tarefa 488 → Agente 202
Tarefa 489 → Agente 307
Tarefa 490 → Agente 399
Tarefa 491 → Agente 31
Tarefa 492 → Agente 321
Tarefa 493 → Agente 326
Tarefa 494 → Agente 55
Tarefa 495 → Agente 448
Tarefa 496 → Agente 203
Tarefa 497 → Agente 11
Tarefa 498 → Agente 260
Tarefa 499 → Agente 320

========================================================
MARGENS DE SEGURANÇA λ₍ᵢⱼ₎:
========================================================
λ[0][155] = 0
λ[1][122] = 0
λ[2][428] = 0
λ[3][393] = 0
λ[4][33] = 0
λ[5][147] = 0
λ[6][139] = 0
λ[7][318] = 0
λ[8][442] = 0
λ[9][110] = 0
λ[10][235] = 0
λ[11][495] = 0
λ[12][367] = 0
λ[13][174] = 0
λ[14][439] = 0
λ[15][237] = 0
λ[16][347] = 0
λ[17][385] = 0
λ[18][419] = 0
λ[19][148] = 0
λ[20][7] = 0
λ[21][197] = 0
λ[22][88] = 0
λ[23][97] = 0
λ[24][93] = 0
λ[25][386] = 0
λ[26][13] = 0
λ[27][433] = 0
λ[28][493] = 0
λ[29][336] = 0
λ[30][491] = 0
λ[31][17] = 0
λ[32][359] = 0
λ[33][67] = 0
λ[34][301] = 0
λ[35][283] = 0
λ[36][449] = 0
λ[37][144] = 0
λ[38][417] = 0
λ[39][215] = 0
λ[40][180] = 0
λ[41][41] = 0
λ[42][68] = 0
λ[43][4] = 0
λ[44][426] = 0
λ[45][277] = 0
λ[46][289] = 0
λ[47][295] = 0
λ[48][470] = 0
λ[49][434] = 0
λ[50][112] = 0
λ[51][365] = 0
λ[52][363] = 0
λ[53][20] = 0
λ[54][391] = 0
λ[55][14] = 0
λ[56][305] = 0
λ[57][29] = 0
λ[58][106] = 0
λ[59][179] = 0
λ[60][344] = 0
λ[61][256] = 0
λ[62][317] = 0
λ[63][218] = 0
λ[64][249] = 0
λ[65][223] = 0
λ[66][278] = 0
λ[67][187] = 0
λ[68][229] = 0
λ[69][58] = 0
λ[70][436] = 0
λ[71][263] = 0
λ[72][157] = 0
λ[73][459] = 0
λ[74][374] = 0
λ[75][454] = 0
λ[76][354] = 0
λ[77][409] = 0
λ[78][175] = 0
λ[79][236] = 0
λ[80][420] = 0
λ[81][413] = 0
λ[82][231] = 0
λ[83][499] = 0
λ[84][74] = 0
λ[85][287] = 0
λ[86][353] = 0
λ[87][312] = 0
λ[88][330] = 0
λ[89][181] = 0
λ[90][489] = 0
λ[91][488] = 0
λ[92][255] = 0
λ[93][440] = 0
λ[94][314] = 0
λ[95][124] = 0
λ[96][43] = 0
λ[97][118] = 0
λ[98][168] = 0
λ[99][332] = 0
λ[100][362] = 0
λ[101][0] = 0
λ[102][325] = 0
λ[103][329] = 0
λ[104][104] = 0
λ[105][373] = 0
λ[106][129] = 0
λ[107][257] = 0
λ[108][345] = 0
λ[109][120] = 0
λ[110][355] = 0
λ[111][208] = 0
λ[112][169] = 0
λ[113][161] = 0
λ[114][137] = 0
λ[115][86] = 0
λ[116][232] = 0
λ[117][264] = 0
λ[118][84] = 0
λ[119][406] = 0
λ[120][188] = 0
λ[121][57] = 0
λ[122][498] = 0
λ[123][476] = 0
λ[124][145] = 0
λ[125][389] = 0
λ[126][141] = 0
λ[127][217] = 0
λ[128][47] = 0
λ[129][261] = 0
λ[130][331] = 0
λ[131][195] = 0
λ[132][138] = 0
λ[133][396] = 0
λ[134][59] = 0
λ[135][487] = 0
λ[136][91] = 0
λ[137][94] = 0
λ[138][421] = 0
λ[139][322] = 0
λ[140][65] = 0
λ[141][192] = 0
λ[142][464] = 0
λ[143][269] = 0
λ[144][123] = 0
λ[145][201] = 0
λ[146][346] = 0
λ[147][246] = 0
λ[148][95] = 0
λ[149][76] = 0
λ[150][226] = 0
λ[151][284] = 0
λ[152][466] = 0
λ[153][185] = 0
λ[154][5] = 0
λ[155][455] = 0
λ[156][351] = 0
λ[157][485] = 0
λ[158][497] = 0
λ[159][198] = 0
λ[160][401] = 0
λ[161][481] = 0
λ[162][382] = 0
λ[163][297] = 0
λ[164][151] = 0
λ[165][52] = 0
λ[166][121] = 0
λ[167][384] = 0
λ[168][163] = 0
λ[169][272] = 0
λ[170][335] = 0
λ[171][262] = 0
λ[172][377] = 0
λ[173][135] = 0
λ[174][160] = 0
λ[175][78] = 0
λ[176][186] = 0
λ[177][327] = 0
λ[178][50] = 0
λ[179][381] = 0
λ[180][356] = 0
λ[181][259] = 0
λ[182][472] = 0
λ[183][342] = 0
λ[184][63] = 0
λ[185][92] = 0
λ[186][452] = 0
λ[187][178] = 0
λ[188][191] = 0
λ[189][242] = 0
λ[190][48] = 0
λ[191][213] = 0
λ[192][437] = 0
λ[193][375] = 0
λ[194][98] = 0
λ[195][26] = 0
λ[196][36] = 0
λ[197][40] = 0
λ[198][230] = 0
λ[199][445] = 0
λ[200][64] = 0
λ[201][243] = 0
λ[202][173] = 0
λ[203][62] = 0
λ[204][453] = 0
λ[205][8] = 0
λ[206][109] = 0
λ[207][411] = 0
λ[208][308] = 0
λ[209][412] = 0
λ[210][69] = 0
λ[211][311] = 0
λ[212][216] = 0
λ[213][496] = 0
λ[214][83] = 0
λ[215][134] = 0
λ[216][435] = 0
λ[217][315] = 0
λ[218][271] = 0
λ[219][253] = 0
λ[220][484] = 0
λ[221][274] = 0
λ[222][206] = 0
λ[223][279] = 0
λ[224][410] = 0
λ[225][125] = 0
λ[226][361] = 0
λ[227][149] = 0
λ[228][360] = 0
λ[229][72] = 0
λ[230][45] = 0
λ[231][300] = 0
λ[232][313] = 0
λ[233][366] = 0
λ[234][70] = 0
λ[235][407] = 0
λ[236][82] = 0
λ[237][418] = 0
λ[238][462] = 0
λ[239][99] = 0
λ[240][51] = 0
λ[241][239] = 0
λ[242][240] = 0
λ[243][176] = 0
λ[244][460] = 0
λ[245][352] = 0
λ[246][241] = 0
λ[247][379] = 0
λ[248][371] = 0
λ[249][38] = 0
λ[250][265] = 0
λ[251][281] = 0
λ[252][25] = 0
λ[253][387] = 0
λ[254][228] = 0
λ[255][288] = 0
λ[256][117] = 0
λ[257][403] = 0
λ[258][89] = 0
λ[259][282] = 0
λ[260][19] = 0
λ[261][15] = 0
λ[262][154] = 0
λ[263][126] = 0
λ[264][267] = 0
λ[265][473] = 0
λ[266][60] = 0
λ[267][165] = 0
λ[268][441] = 0
λ[269][438] = 0
λ[270][296] = 0
λ[271][465] = 0
λ[272][21] = 0
λ[273][474] = 0
λ[274][370] = 0
λ[275][80] = 0
λ[276][398] = 0
λ[277][6] = 0
λ[278][463] = 0
λ[279][349] = 0
λ[280][306] = 0
λ[281][392] = 0
λ[282][85] = 0
λ[283][368] = 0
λ[284][290] = 0
λ[285][252] = 0
λ[286][458] = 0
λ[287][408] = 0
λ[288][378] = 0
λ[289][286] = 0
λ[290][172] = 0
λ[291][108] = 0
λ[292][56] = 0
λ[293][432] = 0
λ[294][245] = 0
λ[295][234] = 0
λ[296][12] = 0
λ[297][298] = 0
λ[298][209] = 0
λ[299][424] = 0
λ[300][101] = 0
λ[301][28] = 0
λ[302][2] = 0
λ[303][102] = 0
λ[304][214] = 0
λ[305][10] = 0
λ[306][87] = 0
λ[307][66] = 0
λ[308][105] = 0
λ[309][244] = 0
λ[310][266] = 0
λ[311][9] = 0
λ[312][364] = 0
λ[313][34] = 0
λ[314][207] = 0
λ[315][132] = 0
λ[316][119] = 0
λ[317][447] = 0
λ[318][111] = 0
λ[319][182] = 0
λ[320][233] = 0
λ[321][404] = 0
λ[322][294] = 0
λ[323][23] = 0
λ[324][73] = 0
λ[325][376] = 0
λ[326][220] = 0
λ[327][200] = 0
λ[328][199] = 0
λ[329][383] = 0
λ[330][189] = 0
λ[331][142] = 0
λ[332][333] = 0
λ[333][183] = 0
λ[334][35] = 0
λ[335][357] = 0
λ[336][443] = 0
λ[337][152] = 0
λ[338][400] = 0
λ[339][100] = 0
λ[340][388] = 0
λ[341][210] = 0
λ[342][22] = 0
λ[343][222] = 0
λ[344][369] = 0
λ[345][193] = 0
λ[346][177] = 0
λ[347][494] = 0
λ[348][205] = 0
λ[349][42] = 0
λ[350][166] = 0
λ[351][348] = 0
λ[352][113] = 0
λ[353][27] = 0
λ[354][310] = 0
λ[355][469] = 0
λ[356][54] = 0
λ[357][291] = 0
λ[358][221] = 0
λ[359][467] = 0
λ[360][128] = 0
λ[361][477] = 0
λ[362][190] = 0
λ[363][402] = 0
λ[364][46] = 0
λ[365][450] = 0
λ[366][319] = 0
λ[367][158] = 0
λ[368][77] = 0
λ[369][32] = 0
λ[370][334] = 0
λ[371][251] = 0
λ[372][323] = 0
λ[373][196] = 0
λ[374][238] = 0
λ[375][350] = 0
λ[376][340] = 0
λ[377][212] = 0
λ[378][130] = 0
λ[379][341] = 0
λ[380][276] = 0
λ[381][61] = 0
λ[382][316] = 0
λ[383][423] = 0
λ[384][273] = 0
λ[385][53] = 0
λ[386][478] = 0
λ[387][338] = 0
λ[388][337] = 0
λ[389][156] = 0
λ[390][39] = 0
λ[391][299] = 0
λ[392][475] = 0
λ[393][451] = 0
λ[394][219] = 0
λ[395][153] = 0
λ[396][416] = 0
λ[397][162] = 0
λ[398][211] = 0
λ[399][224] = 0
λ[400][422] = 0
λ[401][146] = 0
λ[402][127] = 0
λ[403][3] = 0
λ[404][395] = 0
λ[405][479] = 0
λ[406][49] = 0
λ[407][18] = 0
λ[408][75] = 0
λ[409][170] = 0
λ[410][486] = 0
λ[411][1] = 0
λ[412][140] = 0
λ[413][431] = 0
λ[414][461] = 0
λ[415][343] = 0
λ[416][490] = 0
λ[417][270] = 0
λ[418][414] = 0
λ[419][115] = 0
λ[420][107] = 0
λ[421][372] = 0
λ[422][16] = 0
λ[423][309] = 0
λ[424][285] = 0
λ[425][427] = 0
λ[426][79] = 0
λ[427][468] = 0
λ[428][225] = 0
λ[429][131] = 0
λ[430][292] = 0
λ[431][397] = 0
λ[432][204] = 0
λ[433][339] = 0
λ[434][81] = 0
λ[435][96] = 0
λ[436][30] = 0
λ[437][150] = 0
λ[438][328] = 0
λ[439][227] = 0
λ[440][133] = 0
λ[441][171] = 0
λ[442][250] = 0
λ[443][254] = 0
λ[444][444] = 0
λ[445][268] = 0
λ[446][71] = 0
λ[447][456] = 0
λ[448][103] = 0
λ[449][136] = 0
λ[450][248] = 0
λ[451][184] = 0
λ[452][143] = 0
λ[453][304] = 0
λ[454][429] = 0
λ[455][303] = 0
λ[456][247] = 0
λ[457][492] = 0
λ[458][394] = 0
λ[459][24] = 0
λ[460][302] = 0
λ[461][380] = 0
λ[462][194] = 0
λ[463][482] = 0
λ[464][415] = 0
λ[465][457] = 0
λ[466][471] = 0
λ[467][390] = 0
λ[468][258] = 0
λ[469][114] = 0
λ[470][293] = 0
λ[471][425] = 0
λ[472][37] = 0
λ[473][116] = 0
λ[474][430] = 0
λ[475][159] = 0
λ[476][446] = 0
λ[477][405] = 0
λ[478][324] = 0
λ[479][164] = 0
λ[480][44] = 0
λ[481][358] = 0
λ[482][280] = 0
λ[483][167] = 0
λ[484][90] = 0
λ[485][483] = 0
λ[486][480] = 0
λ[487][275] = 0
λ[488][202] = 0
λ[489][307] = 0
λ[490][399] = 0
λ[491][31] = 0
λ[492][321] = 0
λ[493][326] = 0
λ[494][55] = 0
λ[495][448] = 0
λ[496][203] = 0
λ[497][11] = 0
λ[498][260] = 0
λ[499][320] = 0

========================================================
TEMPO DE EXECUÇÃO DO ILS: 24.5978 segundos
========================================================

