========================================================
CUSTO ÓTIMO COM ILS (gargalo): 10
========================================================

Tarefa 0 → Agente 1
Tarefa 1 → Agente 0
Tarefa 2 → Agente 3
Tarefa 3 → Agente 2
Tarefa 4 → Agente 5
Tarefa 5 → Agente 4
Tarefa 6 → Agente 7
Tarefa 7 → Agente 6
Tarefa 8 → Agente 9
Tarefa 9 → Agente 8

========================================================
MARGENS DE SEGURANÇA λ₍ᵢⱼ₎:
========================================================
λ[0][1] = 0
λ[1][0] = 0
λ[2][3] = 0
λ[3][2] = 0
λ[4][5] = 0
λ[5][4] = 0
λ[6][7] = 0
λ[7][6] = 0
λ[8][9] = 0
λ[9][8] = 0

========================================================
TEMPO DE EXECUÇÃO DO ILS: 0.000526804 segundos
========================================================

