========================================================
CUSTO ÓTIMO COM ILS (gargalo): 10
========================================================

Tarefa 0 → Agente 0
Tarefa 1 → Agente 1
Tarefa 2 → Agente 2
Tarefa 3 → Agente 3
Tarefa 4 → Agente 4
Tarefa 5 → Agente 5
Tarefa 6 → Agente 6
Tarefa 7 → Agente 7
Tarefa 8 → Agente 8
Tarefa 9 → Agente 9

========================================================
MARGENS DE SEGURANÇA λ₍ᵢⱼ₎:
========================================================
λ[0][0] = 0
λ[1][1] = 0
λ[2][2] = 0
λ[3][3] = 0
λ[4][4] = 0
λ[5][5] = 0
λ[6][6] = 0
λ[7][7] = 0
λ[8][8] = 0
λ[9][9] = 0

========================================================
TEMPO DE EXECUÇÃO DO ILS: 0.000459486 segundos
========================================================

