========================================================
CUSTO ÓTIMO(gargalo): 106
========================================================

Tarefa 0 → Agente 400
Tarefa 1 → Agente 504
Tarefa 2 → Agente 337
Tarefa 3 → Agente 596
Tarefa 4 → Agente 791
Tarefa 5 → Agente 937
Tarefa 6 → Agente 663
Tarefa 7 → Agente 968
Tarefa 8 → Agente 451
Tarefa 9 → Agente 425
Tarefa 10 → Agente 999
Tarefa 11 → Agente 919
Tarefa 12 → Agente 841
Tarefa 13 → Agente 212
Tarefa 14 → Agente 783
Tarefa 15 → Agente 330
Tarefa 16 → Agente 277
Tarefa 17 → Agente 712
Tarefa 18 → Agente 56
Tarefa 19 → Agente 124
Tarefa 20 → Agente 116
Tarefa 21 → Agente 288
Tarefa 22 → Agente 594
Tarefa 23 → Agente 496
Tarefa 24 → Agente 297
Tarefa 25 → Agente 809
Tarefa 26 → Agente 570
Tarefa 27 → Agente 506
Tarefa 28 → Agente 668
Tarefa 29 → Agente 993
Tarefa 30 → Agente 179
Tarefa 31 → Agente 800
Tarefa 32 → Agente 517
Tarefa 33 → Agente 838
Tarefa 34 → Agente 54
Tarefa 35 → Agente 879
Tarefa 36 → Agente 555
Tarefa 37 → Agente 486
Tarefa 38 → Agente 20
Tarefa 39 → Agente 870
Tarefa 40 → Agente 861
Tarefa 41 → Agente 717
Tarefa 42 → Agente 934
Tarefa 43 → Agente 502
Tarefa 44 → Agente 119
Tarefa 45 → Agente 757
Tarefa 46 → Agente 979
Tarefa 47 → Agente 601
Tarefa 48 → Agente 155
Tarefa 49 → Agente 706
Tarefa 50 → Agente 247
Tarefa 51 → Agente 788
Tarefa 52 → Agente 702
Tarefa 53 → Agente 228
Tarefa 54 → Agente 608
Tarefa 55 → Agente 39
Tarefa 56 → Agente 413
Tarefa 57 → Agente 454
Tarefa 58 → Agente 960
Tarefa 59 → Agente 974
Tarefa 60 → Agente 561
Tarefa 61 → Agente 234
Tarefa 62 → Agente 679
Tarefa 63 → Agente 229
Tarefa 64 → Agente 460
Tarefa 65 → Agente 621
Tarefa 66 → Agente 806
Tarefa 67 → Agente 328
Tarefa 68 → Agente 909
Tarefa 69 → Agente 348
Tarefa 70 → Agente 79
Tarefa 71 → Agente 803
Tarefa 72 → Agente 680
Tarefa 73 → Agente 244
Tarefa 74 → Agente 319
Tarefa 75 → Agente 885
Tarefa 76 → Agente 769
Tarefa 77 → Agente 582
Tarefa 78 → Agente 787
Tarefa 79 → Agente 694
Tarefa 80 → Agente 236
Tarefa 81 → Agente 939
Tarefa 82 → Agente 651
Tarefa 83 → Agente 178
Tarefa 84 → Agente 298
Tarefa 85 → Agente 162
Tarefa 86 → Agente 942
Tarefa 87 → Agente 640
Tarefa 88 → Agente 693
Tarefa 89 → Agente 96
Tarefa 90 → Agente 916
Tarefa 91 → Agente 22
Tarefa 92 → Agente 950
Tarefa 93 → Agente 816
Tarefa 94 → Agente 441
Tarefa 95 → Agente 292
Tarefa 96 → Agente 915
Tarefa 97 → Agente 873
Tarefa 98 → Agente 192
Tarefa 99 → Agente 458
Tarefa 100 → Agente 925
Tarefa 101 → Agente 901
Tarefa 102 → Agente 157
Tarefa 103 → Agente 584
Tarefa 104 → Agente 615
Tarefa 105 → Agente 368
Tarefa 106 → Agente 921
Tarefa 107 → Agente 216
Tarefa 108 → Agente 489
Tarefa 109 → Agente 644
Tarefa 110 → Agente 631
Tarefa 111 → Agente 0
Tarefa 112 → Agente 350
Tarefa 113 → Agente 907
Tarefa 114 → Agente 363
Tarefa 115 → Agente 287
Tarefa 116 → Agente 632
Tarefa 117 → Agente 200
Tarefa 118 → Agente 528
Tarefa 119 → Agente 428
Tarefa 120 → Agente 279
Tarefa 121 → Agente 29
Tarefa 122 → Agente 160
Tarefa 123 → Agente 698
Tarefa 124 → Agente 808
Tarefa 125 → Agente 485
Tarefa 126 → Agente 877
Tarefa 127 → Agente 156
Tarefa 128 → Agente 521
Tarefa 129 → Agente 449
Tarefa 130 → Agente 509
Tarefa 131 → Agente 225
Tarefa 132 → Agente 926
Tarefa 133 → Agente 148
Tarefa 134 → Agente 353
Tarefa 135 → Agente 970
Tarefa 136 → Agente 639
Tarefa 137 → Agente 667
Tarefa 138 → Agente 94
Tarefa 139 → Agente 864
Tarefa 140 → Agente 174
Tarefa 141 → Agente 539
Tarefa 142 → Agente 893
Tarefa 143 → Agente 954
Tarefa 144 → Agente 149
Tarefa 145 → Agente 483
Tarefa 146 → Agente 996
Tarefa 147 → Agente 2
Tarefa 148 → Agente 52
Tarefa 149 → Agente 692
Tarefa 150 → Agente 884
Tarefa 151 → Agente 736
Tarefa 152 → Agente 293
Tarefa 153 → Agente 143
Tarefa 154 → Agente 71
Tarefa 155 → Agente 436
Tarefa 156 → Agente 646
Tarefa 157 → Agente 900
Tarefa 158 → Agente 233
Tarefa 159 → Agente 467
Tarefa 160 → Agente 265
Tarefa 161 → Agente 242
Tarefa 162 → Agente 512
Tarefa 163 → Agente 845
Tarefa 164 → Agente 548
Tarefa 165 → Agente 66
Tarefa 166 → Agente 356
Tarefa 167 → Agente 494
Tarefa 168 → Agente 998
Tarefa 169 → Agente 166
Tarefa 170 → Agente 138
Tarefa 171 → Agente 128
Tarefa 172 → Agente 784
Tarefa 173 → Agente 771
Tarefa 174 → Agente 126
Tarefa 175 → Agente 854
Tarefa 176 → Agente 366
Tarefa 177 → Agente 585
Tarefa 178 → Agente 208
Tarefa 179 → Agente 187
Tarefa 180 → Agente 207
Tarefa 181 → Agente 106
Tarefa 182 → Agente 85
Tarefa 183 → Agente 654
Tarefa 184 → Agente 253
Tarefa 185 → Agente 625
Tarefa 186 → Agente 920
Tarefa 187 → Agente 213
Tarefa 188 → Agente 25
Tarefa 189 → Agente 700
Tarefa 190 → Agente 88
Tarefa 191 → Agente 622
Tarefa 192 → Agente 313
Tarefa 193 → Agente 912
Tarefa 194 → Agente 927
Tarefa 195 → Agente 429
Tarefa 196 → Agente 652
Tarefa 197 → Agente 880
Tarefa 198 → Agente 100
Tarefa 199 → Agente 554
Tarefa 200 → Agente 558
Tarefa 201 → Agente 619
Tarefa 202 → Agente 977
Tarefa 203 → Agente 478
Tarefa 204 → Agente 795
Tarefa 205 → Agente 9
Tarefa 206 → Agente 508
Tarefa 207 → Agente 591
Tarefa 208 → Agente 529
Tarefa 209 → Agente 281
Tarefa 210 → Agente 205
Tarefa 211 → Agente 77
Tarefa 212 → Agente 335
Tarefa 213 → Agente 58
Tarefa 214 → Agente 896
Tarefa 215 → Agente 115
Tarefa 216 → Agente 396
Tarefa 217 → Agente 231
Tarefa 218 → Agente 566
Tarefa 219 → Agente 393
Tarefa 220 → Agente 375
Tarefa 221 → Agente 164
Tarefa 222 → Agente 653
Tarefa 223 → Agente 111
Tarefa 224 → Agente 13
Tarefa 225 → Agente 542
Tarefa 226 → Agente 47
Tarefa 227 → Agente 513
Tarefa 228 → Agente 536
Tarefa 229 → Agente 580
Tarefa 230 → Agente 733
Tarefa 231 → Agente 597
Tarefa 232 → Agente 484
Tarefa 233 → Agente 889
Tarefa 234 → Agente 122
Tarefa 235 → Agente 945
Tarefa 236 → Agente 33
Tarefa 237 → Agente 38
Tarefa 238 → Agente 443
Tarefa 239 → Agente 557
Tarefa 240 → Agente 878
Tarefa 241 → Agente 470
Tarefa 242 → Agente 676
Tarefa 243 → Agente 136
Tarefa 244 → Agente 522
Tarefa 245 → Agente 23
Tarefa 246 → Agente 995
Tarefa 247 → Agente 404
Tarefa 248 → Agente 357
Tarefa 249 → Agente 658
Tarefa 250 → Agente 857
Tarefa 251 → Agente 204
Tarefa 252 → Agente 672
Tarefa 253 → Agente 289
Tarefa 254 → Agente 41
Tarefa 255 → Agente 433
Tarefa 256 → Agente 872
Tarefa 257 → Agente 268
Tarefa 258 → Agente 327
Tarefa 259 → Agente 862
Tarefa 260 → Agente 586
Tarefa 261 → Agente 412
Tarefa 262 → Agente 876
Tarefa 263 → Agente 342
Tarefa 264 → Agente 540
Tarefa 265 → Agente 750
Tarefa 266 → Agente 836
Tarefa 267 → Agente 827
Tarefa 268 → Agente 923
Tarefa 269 → Agente 392
Tarefa 270 → Agente 123
Tarefa 271 → Agente 922
Tarefa 272 → Agente 257
Tarefa 273 → Agente 801
Tarefa 274 → Agente 829
Tarefa 275 → Agente 418
Tarefa 276 → Agente 108
Tarefa 277 → Agente 718
Tarefa 278 → Agente 435
Tarefa 279 → Agente 727
Tarefa 280 → Agente 387
Tarefa 281 → Agente 283
Tarefa 282 → Agente 617
Tarefa 283 → Agente 73
Tarefa 284 → Agente 545
Tarefa 285 → Agente 74
Tarefa 286 → Agente 695
Tarefa 287 → Agente 1
Tarefa 288 → Agente 748
Tarefa 289 → Agente 146
Tarefa 290 → Agente 462
Tarefa 291 → Agente 488
Tarefa 292 → Agente 726
Tarefa 293 → Agente 780
Tarefa 294 → Agente 359
Tarefa 295 → Agente 704
Tarefa 296 → Agente 776
Tarefa 297 → Agente 69
Tarefa 298 → Agente 230
Tarefa 299 → Agente 747
Tarefa 300 → Agente 130
Tarefa 301 → Agente 176
Tarefa 302 → Agente 254
Tarefa 303 → Agente 407
Tarefa 304 → Agente 897
Tarefa 305 → Agente 394
Tarefa 306 → Agente 448
Tarefa 307 → Agente 779
Tarefa 308 → Agente 535
Tarefa 309 → Agente 684
Tarefa 310 → Agente 245
Tarefa 311 → Agente 810
Tarefa 312 → Agente 346
Tarefa 313 → Agente 645
Tarefa 314 → Agente 792
Tarefa 315 → Agente 671
Tarefa 316 → Agente 887
Tarefa 317 → Agente 846
Tarefa 318 → Agente 137
Tarefa 319 → Agente 865
Tarefa 320 → Agente 172
Tarefa 321 → Agente 696
Tarefa 322 → Agente 785
Tarefa 323 → Agente 209
Tarefa 324 → Agente 481
Tarefa 325 → Agente 823
Tarefa 326 → Agente 739
Tarefa 327 → Agente 710
Tarefa 328 → Agente 689
Tarefa 329 → Agente 326
Tarefa 330 → Agente 437
Tarefa 331 → Agente 844
Tarefa 332 → Agente 833
Tarefa 333 → Agente 271
Tarefa 334 → Agente 44
Tarefa 335 → Agente 311
Tarefa 336 → Agente 850
Tarefa 337 → Agente 721
Tarefa 338 → Agente 984
Tarefa 339 → Agente 339
Tarefa 340 → Agente 958
Tarefa 341 → Agente 28
Tarefa 342 → Agente 611
Tarefa 343 → Agente 659
Tarefa 344 → Agente 434
Tarefa 345 → Agente 452
Tarefa 346 → Agente 768
Tarefa 347 → Agente 666
Tarefa 348 → Agente 941
Tarefa 349 → Agente 60
Tarefa 350 → Agente 129
Tarefa 351 → Agente 86
Tarefa 352 → Agente 379
Tarefa 353 → Agente 832
Tarefa 354 → Agente 997
Tarefa 355 → Agente 904
Tarefa 356 → Agente 232
Tarefa 357 → Agente 826
Tarefa 358 → Agente 420
Tarefa 359 → Agente 99
Tarefa 360 → Agente 354
Tarefa 361 → Agente 677
Tarefa 362 → Agente 588
Tarefa 363 → Agente 709
Tarefa 364 → Agente 656
Tarefa 365 → Agente 345
Tarefa 366 → Agente 388
Tarefa 367 → Agente 930
Tarefa 368 → Agente 819
Tarefa 369 → Agente 190
Tarefa 370 → Agente 743
Tarefa 371 → Agente 447
Tarefa 372 → Agente 497
Tarefa 373 → Agente 516
Tarefa 374 → Agente 831
Tarefa 375 → Agente 223
Tarefa 376 → Agente 903
Tarefa 377 → Agente 638
Tarefa 378 → Agente 430
Tarefa 379 → Agente 250
Tarefa 380 → Agente 975
Tarefa 381 → Agente 269
Tarefa 382 → Agente 587
Tarefa 383 → Agente 8
Tarefa 384 → Agente 562
Tarefa 385 → Agente 738
Tarefa 386 → Agente 895
Tarefa 387 → Agente 423
Tarefa 388 → Agente 730
Tarefa 389 → Agente 144
Tarefa 390 → Agente 343
Tarefa 391 → Agente 777
Tarefa 392 → Agente 600
Tarefa 393 → Agente 309
Tarefa 394 → Agente 258
Tarefa 395 → Agente 188
Tarefa 396 → Agente 450
Tarefa 397 → Agente 338
Tarefa 398 → Agente 194
Tarefa 399 → Agente 849
Tarefa 400 → Agente 482
Tarefa 401 → Agente 798
Tarefa 402 → Agente 501
Tarefa 403 → Agente 89
Tarefa 404 → Agente 333
Tarefa 405 → Agente 732
Tarefa 406 → Agente 918
Tarefa 407 → Agente 814
Tarefa 408 → Agente 120
Tarefa 409 → Agente 248
Tarefa 410 → Agente 519
Tarefa 411 → Agente 929
Tarefa 412 → Agente 180
Tarefa 413 → Agente 510
Tarefa 414 → Agente 301
Tarefa 415 → Agente 4
Tarefa 416 → Agente 883
Tarefa 417 → Agente 32
Tarefa 418 → Agente 260
Tarefa 419 → Agente 871
Tarefa 420 → Agente 592
Tarefa 421 → Agente 664
Tarefa 422 → Agente 422
Tarefa 423 → Agente 623
Tarefa 424 → Agente 988
Tarefa 425 → Agente 215
Tarefa 426 → Agente 766
Tarefa 427 → Agente 547
Tarefa 428 → Agente 93
Tarefa 429 → Agente 583
Tarefa 430 → Agente 103
Tarefa 431 → Agente 202
Tarefa 432 → Agente 107
Tarefa 433 → Agente 461
Tarefa 434 → Agente 184
Tarefa 435 → Agente 336
Tarefa 436 → Agente 170
Tarefa 437 → Agente 564
Tarefa 438 → Agente 373
Tarefa 439 → Agente 300
Tarefa 440 → Agente 285
Tarefa 441 → Agente 764
Tarefa 442 → Agente 235
Tarefa 443 → Agente 541
Tarefa 444 → Agente 991
Tarefa 445 → Agente 711
Tarefa 446 → Agente 707
Tarefa 447 → Agente 523
Tarefa 448 → Agente 302
Tarefa 449 → Agente 616
Tarefa 450 → Agente 182
Tarefa 451 → Agente 855
Tarefa 452 → Agente 161
Tarefa 453 → Agente 759
Tarefa 454 → Agente 917
Tarefa 455 → Agente 630
Tarefa 456 → Agente 772
Tarefa 457 → Agente 414
Tarefa 458 → Agente 953
Tarefa 459 → Agente 118
Tarefa 460 → Agente 197
Tarefa 461 → Agente 731
Tarefa 462 → Agente 881
Tarefa 463 → Agente 593
Tarefa 464 → Agente 294
Tarefa 465 → Agente 272
Tarefa 466 → Agente 401
Tarefa 467 → Agente 612
Tarefa 468 → Agente 218
Tarefa 469 → Agente 951
Tarefa 470 → Agente 947
Tarefa 471 → Agente 177
Tarefa 472 → Agente 421
Tarefa 473 → Agente 940
Tarefa 474 → Agente 682
Tarefa 475 → Agente 241
Tarefa 476 → Agente 751
Tarefa 477 → Agente 957
Tarefa 478 → Agente 84
Tarefa 479 → Agente 410
Tarefa 480 → Agente 210
Tarefa 481 → Agente 532
Tarefa 482 → Agente 291
Tarefa 483 → Agente 195
Tarefa 484 → Agente 858
Tarefa 485 → Agente 703
Tarefa 486 → Agente 466
Tarefa 487 → Agente 457
Tarefa 488 → Agente 590
Tarefa 489 → Agente 863
Tarefa 490 → Agente 928
Tarefa 491 → Agente 550
Tarefa 492 → Agente 3
Tarefa 493 → Agente 104
Tarefa 494 → Agente 141
Tarefa 495 → Agente 976
Tarefa 496 → Agente 140
Tarefa 497 → Agente 911
Tarefa 498 → Agente 158
Tarefa 499 → Agente 426
Tarefa 500 → Agente 51
Tarefa 501 → Agente 332
Tarefa 502 → Agente 902
Tarefa 503 → Agente 549
Tarefa 504 → Agente 320
Tarefa 505 → Agente 384
Tarefa 506 → Agente 238
Tarefa 507 → Agente 691
Tarefa 508 → Agente 405
Tarefa 509 → Agente 45
Tarefa 510 → Agente 868
Tarefa 511 → Agente 735
Tarefa 512 → Agente 847
Tarefa 513 → Agente 112
Tarefa 514 → Agente 256
Tarefa 515 → Agente 761
Tarefa 516 → Agente 472
Tarefa 517 → Agente 525
Tarefa 518 → Agente 781
Tarefa 519 → Agente 499
Tarefa 520 → Agente 134
Tarefa 521 → Agente 965
Tarefa 522 → Agente 821
Tarefa 523 → Agente 67
Tarefa 524 → Agente 48
Tarefa 525 → Agente 914
Tarefa 526 → Agente 290
Tarefa 527 → Agente 574
Tarefa 528 → Agente 386
Tarefa 529 → Agente 955
Tarefa 530 → Agente 650
Tarefa 531 → Agente 110
Tarefa 532 → Agente 55
Tarefa 533 → Agente 890
Tarefa 534 → Agente 463
Tarefa 535 → Agente 378
Tarefa 536 → Agente 752
Tarefa 537 → Agente 753
Tarefa 538 → Agente 380
Tarefa 539 → Agente 728
Tarefa 540 → Agente 17
Tarefa 541 → Agente 11
Tarefa 542 → Agente 763
Tarefa 543 → Agente 168
Tarefa 544 → Agente 364
Tarefa 545 → Agente 874
Tarefa 546 → Agente 431
Tarefa 547 → Agente 618
Tarefa 548 → Agente 606
Tarefa 549 → Agente 905
Tarefa 550 → Agente 563
Tarefa 551 → Agente 72
Tarefa 552 → Agente 6
Tarefa 553 → Agente 411
Tarefa 554 → Agente 530
Tarefa 555 → Agente 723
Tarefa 556 → Agente 867
Tarefa 557 → Agente 12
Tarefa 558 → Agente 274
Tarefa 559 → Agente 817
Tarefa 560 → Agente 620
Tarefa 561 → Agente 324
Tarefa 562 → Agente 165
Tarefa 563 → Agente 629
Tarefa 564 → Agente 503
Tarefa 565 → Agente 815
Tarefa 566 → Agente 804
Tarefa 567 → Agente 546
Tarefa 568 → Agente 569
Tarefa 569 → Agente 37
Tarefa 570 → Agente 344
Tarefa 571 → Agente 987
Tarefa 572 → Agente 125
Tarefa 573 → Agente 185
Tarefa 574 → Agente 389
Tarefa 575 → Agente 598
Tarefa 576 → Agente 361
Tarefa 577 → Agente 820
Tarefa 578 → Agente 856
Tarefa 579 → Agente 114
Tarefa 580 → Agente 367
Tarefa 581 → Agente 701
Tarefa 582 → Agente 352
Tarefa 583 → Agente 295
Tarefa 584 → Agente 305
Tarefa 585 → Agente 962
Tarefa 586 → Agente 142
Tarefa 587 → Agente 599
Tarefa 588 → Agente 246
Tarefa 589 → Agente 985
Tarefa 590 → Agente 853
Tarefa 591 → Agente 438
Tarefa 592 → Agente 10
Tarefa 593 → Agente 740
Tarefa 594 → Agente 278
Tarefa 595 → Agente 609
Tarefa 596 → Agente 948
Tarefa 597 → Agente 402
Tarefa 598 → Agente 888
Tarefa 599 → Agente 14
Tarefa 600 → Agente 237
Tarefa 601 → Agente 307
Tarefa 602 → Agente 42
Tarefa 603 → Agente 643
Tarefa 604 → Agente 266
Tarefa 605 → Agente 734
Tarefa 606 → Agente 936
Tarefa 607 → Agente 527
Tarefa 608 → Agente 690
Tarefa 609 → Agente 385
Tarefa 610 → Agente 252
Tarefa 611 → Agente 992
Tarefa 612 → Agente 805
Tarefa 613 → Agente 573
Tarefa 614 → Agente 374
Tarefa 615 → Agente 642
Tarefa 616 → Agente 276
Tarefa 617 → Agente 80
Tarefa 618 → Agente 471
Tarefa 619 → Agente 687
Tarefa 620 → Agente 227
Tarefa 621 → Agente 799
Tarefa 622 → Agente 624
Tarefa 623 → Agente 49
Tarefa 624 → Agente 669
Tarefa 625 → Agente 377
Tarefa 626 → Agente 442
Tarefa 627 → Agente 303
Tarefa 628 → Agente 347
Tarefa 629 → Agente 154
Tarefa 630 → Agente 226
Tarefa 631 → Agente 479
Tarefa 632 → Agente 949
Tarefa 633 → Agente 946
Tarefa 634 → Agente 468
Tarefa 635 → Agente 30
Tarefa 636 → Agente 755
Tarefa 637 → Agente 398
Tarefa 638 → Agente 219
Tarefa 639 → Agente 969
Tarefa 640 → Agente 886
Tarefa 641 → Agente 456
Tarefa 642 → Agente 989
Tarefa 643 → Agente 15
Tarefa 644 → Agente 465
Tarefa 645 → Agente 105
Tarefa 646 → Agente 487
Tarefa 647 → Agente 36
Tarefa 648 → Agente 95
Tarefa 649 → Agente 206
Tarefa 650 → Agente 613
Tarefa 651 → Agente 931
Tarefa 652 → Agente 334
Tarefa 653 → Agente 575
Tarefa 654 → Agente 559
Tarefa 655 → Agente 286
Tarefa 656 → Agente 675
Tarefa 657 → Agente 551
Tarefa 658 → Agente 637
Tarefa 659 → Agente 78
Tarefa 660 → Agente 310
Tarefa 661 → Agente 90
Tarefa 662 → Agente 121
Tarefa 663 → Agente 697
Tarefa 664 → Agente 21
Tarefa 665 → Agente 765
Tarefa 666 → Agente 341
Tarefa 667 → Agente 648
Tarefa 668 → Agente 495
Tarefa 669 → Agente 255
Tarefa 670 → Agente 151
Tarefa 671 → Agente 956
Tarefa 672 → Agente 34
Tarefa 673 → Agente 754
Tarefa 674 → Agente 899
Tarefa 675 → Agente 362
Tarefa 676 → Agente 848
Tarefa 677 → Agente 24
Tarefa 678 → Agente 397
Tarefa 679 → Agente 944
Tarefa 680 → Agente 741
Tarefa 681 → Agente 243
Tarefa 682 → Agente 109
Tarefa 683 → Agente 365
Tarefa 684 → Agente 627
Tarefa 685 → Agente 191
Tarefa 686 → Agente 514
Tarefa 687 → Agente 186
Tarefa 688 → Agente 406
Tarefa 689 → Agente 464
Tarefa 690 → Agente 971
Tarefa 691 → Agente 828
Tarefa 692 → Agente 610
Tarefa 693 → Agente 308
Tarefa 694 → Agente 222
Tarefa 695 → Agente 972
Tarefa 696 → Agente 163
Tarefa 697 → Agente 647
Tarefa 698 → Agente 567
Tarefa 699 → Agente 312
Tarefa 700 → Agente 839
Tarefa 701 → Agente 964
Tarefa 702 → Agente 604
Tarefa 703 → Agente 189
Tarefa 704 → Agente 789
Tarefa 705 → Agente 986
Tarefa 706 → Agente 910
Tarefa 707 → Agente 724
Tarefa 708 → Agente 46
Tarefa 709 → Agente 403
Tarefa 710 → Agente 304
Tarefa 711 → Agente 261
Tarefa 712 → Agente 193
Tarefa 713 → Agente 214
Tarefa 714 → Agente 932
Tarefa 715 → Agente 990
Tarefa 716 → Agente 183
Tarefa 717 → Agente 744
Tarefa 718 → Agente 552
Tarefa 719 → Agente 571
Tarefa 720 → Agente 961
Tarefa 721 → Agente 135
Tarefa 722 → Agente 782
Tarefa 723 → Agente 924
Tarefa 724 → Agente 661
Tarefa 725 → Agente 259
Tarefa 726 → Agente 476
Tarefa 727 → Agente 579
Tarefa 728 → Agente 83
Tarefa 729 → Agente 507
Tarefa 730 → Agente 275
Tarefa 731 → Agente 53
Tarefa 732 → Agente 515
Tarefa 733 → Agente 851
Tarefa 734 → Agente 778
Tarefa 735 → Agente 520
Tarefa 736 → Agente 894
Tarefa 737 → Agente 351
Tarefa 738 → Agente 633
Tarefa 739 → Agente 589
Tarefa 740 → Agente 480
Tarefa 741 → Agente 371
Tarefa 742 → Agente 578
Tarefa 743 → Agente 715
Tarefa 744 → Agente 355
Tarefa 745 → Agente 199
Tarefa 746 → Agente 774
Tarefa 747 → Agente 349
Tarefa 748 → Agente 963
Tarefa 749 → Agente 994
Tarefa 750 → Agente 565
Tarefa 751 → Agente 938
Tarefa 752 → Agente 439
Tarefa 753 → Agente 26
Tarefa 754 → Agente 498
Tarefa 755 → Agente 834
Tarefa 756 → Agente 543
Tarefa 757 → Agente 370
Tarefa 758 → Agente 7
Tarefa 759 → Agente 264
Tarefa 760 → Agente 722
Tarefa 761 → Agente 409
Tarefa 762 → Agente 306
Tarefa 763 → Agente 57
Tarefa 764 → Agente 432
Tarefa 765 → Agente 113
Tarefa 766 → Agente 318
Tarefa 767 → Agente 175
Tarefa 768 → Agente 70
Tarefa 769 → Agente 716
Tarefa 770 → Agente 376
Tarefa 771 → Agente 773
Tarefa 772 → Agente 321
Tarefa 773 → Agente 614
Tarefa 774 → Agente 837
Tarefa 775 → Agente 636
Tarefa 776 → Agente 875
Tarefa 777 → Agente 670
Tarefa 778 → Agente 424
Tarefa 779 → Agente 531
Tarefa 780 → Agente 27
Tarefa 781 → Agente 840
Tarefa 782 → Agente 299
Tarefa 783 → Agente 983
Tarefa 784 → Agente 603
Tarefa 785 → Agente 98
Tarefa 786 → Agente 35
Tarefa 787 → Agente 133
Tarefa 788 → Agente 50
Tarefa 789 → Agente 474
Tarefa 790 → Agente 822
Tarefa 791 → Agente 280
Tarefa 792 → Agente 82
Tarefa 793 → Agente 767
Tarefa 794 → Agente 607
Tarefa 795 → Agente 381
Tarefa 796 → Agente 628
Tarefa 797 → Agente 427
Tarefa 798 → Agente 201
Tarefa 799 → Agente 500
Tarefa 800 → Agente 524
Tarefa 801 → Agente 674
Tarefa 802 → Agente 169
Tarefa 803 → Agente 714
Tarefa 804 → Agente 762
Tarefa 805 → Agente 859
Tarefa 806 → Agente 683
Tarefa 807 → Agente 745
Tarefa 808 → Agente 469
Tarefa 809 → Agente 796
Tarefa 810 → Agente 173
Tarefa 811 → Agente 602
Tarefa 812 → Agente 262
Tarefa 813 → Agente 91
Tarefa 814 → Agente 16
Tarefa 815 → Agente 813
Tarefa 816 → Agente 75
Tarefa 817 → Agente 678
Tarefa 818 → Agente 369
Tarefa 819 → Agente 477
Tarefa 820 → Agente 139
Tarefa 821 → Agente 673
Tarefa 822 → Agente 492
Tarefa 823 → Agente 240
Tarefa 824 → Agente 790
Tarefa 825 → Agente 626
Tarefa 826 → Agente 490
Tarefa 827 → Agente 553
Tarefa 828 → Agente 725
Tarefa 829 → Agente 544
Tarefa 830 → Agente 966
Tarefa 831 → Agente 62
Tarefa 832 → Agente 818
Tarefa 833 → Agente 331
Tarefa 834 → Agente 797
Tarefa 835 → Agente 802
Tarefa 836 → Agente 145
Tarefa 837 → Agente 415
Tarefa 838 → Agente 391
Tarefa 839 → Agente 68
Tarefa 840 → Agente 270
Tarefa 841 → Agente 459
Tarefa 842 → Agente 943
Tarefa 843 → Agente 843
Tarefa 844 → Agente 982
Tarefa 845 → Agente 560
Tarefa 846 → Agente 76
Tarefa 847 → Agente 382
Tarefa 848 → Agente 556
Tarefa 849 → Agente 61
Tarefa 850 → Agente 634
Tarefa 851 → Agente 198
Tarefa 852 → Agente 440
Tarefa 853 → Agente 906
Tarefa 854 → Agente 830
Tarefa 855 → Agente 505
Tarefa 856 → Agente 322
Tarefa 857 → Agente 756
Tarefa 858 → Agente 866
Tarefa 859 → Agente 221
Tarefa 860 → Agente 842
Tarefa 861 → Agente 959
Tarefa 862 → Agente 263
Tarefa 863 → Agente 316
Tarefa 864 → Agente 65
Tarefa 865 → Agente 273
Tarefa 866 → Agente 131
Tarefa 867 → Agente 390
Tarefa 868 → Agente 132
Tarefa 869 → Agente 581
Tarefa 870 → Agente 686
Tarefa 871 → Agente 18
Tarefa 872 → Agente 534
Tarefa 873 → Agente 794
Tarefa 874 → Agente 537
Tarefa 875 → Agente 935
Tarefa 876 → Agente 811
Tarefa 877 → Agente 657
Tarefa 878 → Agente 967
Tarefa 879 → Agente 493
Tarefa 880 → Agente 59
Tarefa 881 → Agente 19
Tarefa 882 → Agente 981
Tarefa 883 → Agente 251
Tarefa 884 → Agente 372
Tarefa 885 → Agente 159
Tarefa 886 → Agente 102
Tarefa 887 → Agente 812
Tarefa 888 → Agente 595
Tarefa 889 → Agente 217
Tarefa 890 → Agente 641
Tarefa 891 → Agente 729
Tarefa 892 → Agente 167
Tarefa 893 → Agente 399
Tarefa 894 → Agente 101
Tarefa 895 → Agente 605
Tarefa 896 → Agente 685
Tarefa 897 → Agente 220
Tarefa 898 → Agente 315
Tarefa 899 → Agente 314
Tarefa 900 → Agente 655
Tarefa 901 → Agente 203
Tarefa 902 → Agente 181
Tarefa 903 → Agente 81
Tarefa 904 → Agente 5
Tarefa 905 → Agente 538
Tarefa 906 → Agente 713
Tarefa 907 → Agente 720
Tarefa 908 → Agente 665
Tarefa 909 → Agente 973
Tarefa 910 → Agente 576
Tarefa 911 → Agente 340
Tarefa 912 → Agente 455
Tarefa 913 → Agente 933
Tarefa 914 → Agente 284
Tarefa 915 → Agente 649
Tarefa 916 → Agente 329
Tarefa 917 → Agente 568
Tarefa 918 → Agente 526
Tarefa 919 → Agente 446
Tarefa 920 → Agente 211
Tarefa 921 → Agente 807
Tarefa 922 → Agente 267
Tarefa 923 → Agente 825
Tarefa 924 → Agente 705
Tarefa 925 → Agente 518
Tarefa 926 → Agente 913
Tarefa 927 → Agente 63
Tarefa 928 → Agente 360
Tarefa 929 → Agente 453
Tarefa 930 → Agente 40
Tarefa 931 → Agente 152
Tarefa 932 → Agente 760
Tarefa 933 → Agente 898
Tarefa 934 → Agente 758
Tarefa 935 → Agente 419
Tarefa 936 → Agente 147
Tarefa 937 → Agente 892
Tarefa 938 → Agente 511
Tarefa 939 → Agente 417
Tarefa 940 → Agente 282
Tarefa 941 → Agente 860
Tarefa 942 → Agente 635
Tarefa 943 → Agente 97
Tarefa 944 → Agente 688
Tarefa 945 → Agente 746
Tarefa 946 → Agente 835
Tarefa 947 → Agente 445
Tarefa 948 → Agente 323
Tarefa 949 → Agente 749
Tarefa 950 → Agente 395
Tarefa 951 → Agente 383
Tarefa 952 → Agente 92
Tarefa 953 → Agente 358
Tarefa 954 → Agente 475
Tarefa 955 → Agente 153
Tarefa 956 → Agente 408
Tarefa 957 → Agente 699
Tarefa 958 → Agente 719
Tarefa 959 → Agente 793
Tarefa 960 → Agente 577
Tarefa 961 → Agente 869
Tarefa 962 → Agente 64
Tarefa 963 → Agente 444
Tarefa 964 → Agente 117
Tarefa 965 → Agente 742
Tarefa 966 → Agente 737
Tarefa 967 → Agente 239
Tarefa 968 → Agente 786
Tarefa 969 → Agente 852
Tarefa 970 → Agente 978
Tarefa 971 → Agente 662
Tarefa 972 → Agente 708
Tarefa 973 → Agente 824
Tarefa 974 → Agente 882
Tarefa 975 → Agente 87
Tarefa 976 → Agente 249
Tarefa 977 → Agente 150
Tarefa 978 → Agente 224
Tarefa 979 → Agente 127
Tarefa 980 → Agente 533
Tarefa 981 → Agente 775
Tarefa 982 → Agente 660
Tarefa 983 → Agente 473
Tarefa 984 → Agente 317
Tarefa 985 → Agente 891
Tarefa 986 → Agente 196
Tarefa 987 → Agente 908
Tarefa 988 → Agente 31
Tarefa 989 → Agente 770
Tarefa 990 → Agente 43
Tarefa 991 → Agente 325
Tarefa 992 → Agente 980
Tarefa 993 → Agente 681
Tarefa 994 → Agente 491
Tarefa 995 → Agente 572
Tarefa 996 → Agente 952
Tarefa 997 → Agente 171
Tarefa 998 → Agente 416
Tarefa 999 → Agente 296

========================================================
MARGENS DE SEGURANÇA λ₍ᵢⱼ₎:
========================================================
λ[0][400] = 0
λ[1][504] = 0
λ[2][337] = 0
λ[3][596] = 0
λ[4][791] = 0
λ[5][937] = 0
λ[6][663] = 0
λ[7][968] = 0
λ[8][451] = 0
λ[9][425] = 0
λ[10][999] = 0
λ[11][919] = 0
λ[12][841] = 0
λ[13][212] = 0
λ[14][783] = 0
λ[15][330] = 0
λ[16][277] = 0
λ[17][712] = 0
λ[18][56] = 0
λ[19][124] = 0
λ[20][116] = 0
λ[21][288] = 0
λ[22][594] = 0
λ[23][496] = 0
λ[24][297] = 0
λ[25][809] = 0
λ[26][570] = 0
λ[27][506] = 0
λ[28][668] = 0
λ[29][993] = 0
λ[30][179] = 0
λ[31][800] = 0
λ[32][517] = 0
λ[33][838] = 0
λ[34][54] = 0
λ[35][879] = 0
λ[36][555] = 0
λ[37][486] = 0
λ[38][20] = 0
λ[39][870] = 0
λ[40][861] = 0
λ[41][717] = 0
λ[42][934] = 0
λ[43][502] = 0
λ[44][119] = 0
λ[45][757] = 0
λ[46][979] = 0
λ[47][601] = 0
λ[48][155] = 0
λ[49][706] = 0
λ[50][247] = 0
λ[51][788] = 0
λ[52][702] = 0
λ[53][228] = 0
λ[54][608] = 0
λ[55][39] = 0
λ[56][413] = 0
λ[57][454] = 0
λ[58][960] = 0
λ[59][974] = 0
λ[60][561] = 0
λ[61][234] = 0
λ[62][679] = 0
λ[63][229] = 0
λ[64][460] = 0
λ[65][621] = 0
λ[66][806] = 0
λ[67][328] = 0
λ[68][909] = 0
λ[69][348] = 0
λ[70][79] = 0
λ[71][803] = 0
λ[72][680] = 0
λ[73][244] = 0
λ[74][319] = 0
λ[75][885] = 0
λ[76][769] = 0
λ[77][582] = 0
λ[78][787] = 0
λ[79][694] = 0
λ[80][236] = 0
λ[81][939] = 0
λ[82][651] = 0
λ[83][178] = 0
λ[84][298] = 0
λ[85][162] = 0
λ[86][942] = 0
λ[87][640] = 0
λ[88][693] = 0
λ[89][96] = 0
λ[90][916] = 0
λ[91][22] = 0
λ[92][950] = 0
λ[93][816] = 0
λ[94][441] = 0
λ[95][292] = 0
λ[96][915] = 0
λ[97][873] = 0
λ[98][192] = 0
λ[99][458] = 0
λ[100][925] = 0
λ[101][901] = 0
λ[102][157] = 0
λ[103][584] = 0
λ[104][615] = 0
λ[105][368] = 0
λ[106][921] = 0
λ[107][216] = 0
λ[108][489] = 0
λ[109][644] = 0
λ[110][631] = 0
λ[111][0] = 0
λ[112][350] = 0
λ[113][907] = 0
λ[114][363] = 0
λ[115][287] = 0
λ[116][632] = 0
λ[117][200] = 0
λ[118][528] = 0
λ[119][428] = 0
λ[120][279] = 0
λ[121][29] = 0
λ[122][160] = 0
λ[123][698] = 0
λ[124][808] = 0
λ[125][485] = 0
λ[126][877] = 0
λ[127][156] = 0
λ[128][521] = 0
λ[129][449] = 0
λ[130][509] = 0
λ[131][225] = 0
λ[132][926] = 0
λ[133][148] = 0
λ[134][353] = 0
λ[135][970] = 0
λ[136][639] = 0
λ[137][667] = 0
λ[138][94] = 0
λ[139][864] = 0
λ[140][174] = 0
λ[141][539] = 0
λ[142][893] = 0
λ[143][954] = 0
λ[144][149] = 0
λ[145][483] = 0
λ[146][996] = 0
λ[147][2] = 0
λ[148][52] = 0
λ[149][692] = 0
λ[150][884] = 0
λ[151][736] = 0
λ[152][293] = 0
λ[153][143] = 0
λ[154][71] = 0
λ[155][436] = 0
λ[156][646] = 0
λ[157][900] = 0
λ[158][233] = 0
λ[159][467] = 0
λ[160][265] = 0
λ[161][242] = 0
λ[162][512] = 0
λ[163][845] = 0
λ[164][548] = 0
λ[165][66] = 0
λ[166][356] = 0
λ[167][494] = 0
λ[168][998] = 0
λ[169][166] = 0
λ[170][138] = 0
λ[171][128] = 0
λ[172][784] = 0
λ[173][771] = 0
λ[174][126] = 0
λ[175][854] = 0
λ[176][366] = 0
λ[177][585] = 0
λ[178][208] = 0
λ[179][187] = 0
λ[180][207] = 0
λ[181][106] = 0
λ[182][85] = 0
λ[183][654] = 0
λ[184][253] = 0
λ[185][625] = 0
λ[186][920] = 0
λ[187][213] = 0
λ[188][25] = 0
λ[189][700] = 0
λ[190][88] = 0
λ[191][622] = 0
λ[192][313] = 0
λ[193][912] = 0
λ[194][927] = 0
λ[195][429] = 0
λ[196][652] = 0
λ[197][880] = 0
λ[198][100] = 0
λ[199][554] = 0
λ[200][558] = 0
λ[201][619] = 0
λ[202][977] = 0
λ[203][478] = 0
λ[204][795] = 0
λ[205][9] = 0
λ[206][508] = 0
λ[207][591] = 0
λ[208][529] = 0
λ[209][281] = 0
λ[210][205] = 0
λ[211][77] = 0
λ[212][335] = 0
λ[213][58] = 0
λ[214][896] = 0
λ[215][115] = 0
λ[216][396] = 0
λ[217][231] = 0
λ[218][566] = 0
λ[219][393] = 0
λ[220][375] = 0
λ[221][164] = 0
λ[222][653] = 0
λ[223][111] = 0
λ[224][13] = 0
λ[225][542] = 0
λ[226][47] = 0
λ[227][513] = 0
λ[228][536] = 0
λ[229][580] = 0
λ[230][733] = 0
λ[231][597] = 0
λ[232][484] = 0
λ[233][889] = 0
λ[234][122] = 0
λ[235][945] = 0
λ[236][33] = 0
λ[237][38] = 0
λ[238][443] = 0
λ[239][557] = 0
λ[240][878] = 0
λ[241][470] = 0
λ[242][676] = 0
λ[243][136] = 0
λ[244][522] = 0
λ[245][23] = 0
λ[246][995] = 0
λ[247][404] = 0
λ[248][357] = 0
λ[249][658] = 0
λ[250][857] = 0
λ[251][204] = 0
λ[252][672] = 0
λ[253][289] = 0
λ[254][41] = 0
λ[255][433] = 0
λ[256][872] = 0
λ[257][268] = 0
λ[258][327] = 0
λ[259][862] = 0
λ[260][586] = 0
λ[261][412] = 0
λ[262][876] = 0
λ[263][342] = 0
λ[264][540] = 0
λ[265][750] = 0
λ[266][836] = 0
λ[267][827] = 0
λ[268][923] = 0
λ[269][392] = 0
λ[270][123] = 0
λ[271][922] = 0
λ[272][257] = 0
λ[273][801] = 0
λ[274][829] = 0
λ[275][418] = 0
λ[276][108] = 0
λ[277][718] = 0
λ[278][435] = 0
λ[279][727] = 0
λ[280][387] = 0
λ[281][283] = 0
λ[282][617] = 0
λ[283][73] = 0
λ[284][545] = 0
λ[285][74] = 0
λ[286][695] = 0
λ[287][1] = 0
λ[288][748] = 0
λ[289][146] = 0
λ[290][462] = 0
λ[291][488] = 0
λ[292][726] = 0
λ[293][780] = 0
λ[294][359] = 0
λ[295][704] = 0
λ[296][776] = 0
λ[297][69] = 0
λ[298][230] = 0
λ[299][747] = 0
λ[300][130] = 0
λ[301][176] = 0
λ[302][254] = 0
λ[303][407] = 0
λ[304][897] = 0
λ[305][394] = 0
λ[306][448] = 0
λ[307][779] = 0
λ[308][535] = 0
λ[309][684] = 0
λ[310][245] = 0
λ[311][810] = 0
λ[312][346] = 0
λ[313][645] = 0
λ[314][792] = 0
λ[315][671] = 0
λ[316][887] = 0
λ[317][846] = 0
λ[318][137] = 0
λ[319][865] = 0
λ[320][172] = 0
λ[321][696] = 0
λ[322][785] = 0
λ[323][209] = 0
λ[324][481] = 0
λ[325][823] = 0
λ[326][739] = 0
λ[327][710] = 0
λ[328][689] = 0
λ[329][326] = 0
λ[330][437] = 0
λ[331][844] = 0
λ[332][833] = 0
λ[333][271] = 0
λ[334][44] = 0
λ[335][311] = 0
λ[336][850] = 0
λ[337][721] = 0
λ[338][984] = 0
λ[339][339] = 73
λ[340][958] = 0
λ[341][28] = 0
λ[342][611] = 0
λ[343][659] = 0
λ[344][434] = 0
λ[345][452] = 0
λ[346][768] = 0
λ[347][666] = 0
λ[348][941] = 0
λ[349][60] = 0
λ[350][129] = 0
λ[351][86] = 0
λ[352][379] = 0
λ[353][832] = 0
λ[354][997] = 0
λ[355][904] = 0
λ[356][232] = 0
λ[357][826] = 0
λ[358][420] = 0
λ[359][99] = 0
λ[360][354] = 0
λ[361][677] = 0
λ[362][588] = 0
λ[363][709] = 0
λ[364][656] = 0
λ[365][345] = 0
λ[366][388] = 0
λ[367][930] = 0
λ[368][819] = 0
λ[369][190] = 0
λ[370][743] = 0
λ[371][447] = 0
λ[372][497] = 0
λ[373][516] = 0
λ[374][831] = 0
λ[375][223] = 0
λ[376][903] = 0
λ[377][638] = 0
λ[378][430] = 0
λ[379][250] = 0
λ[380][975] = 0
λ[381][269] = 0
λ[382][587] = 0
λ[383][8] = 0
λ[384][562] = 0
λ[385][738] = 0
λ[386][895] = 0
λ[387][423] = 0
λ[388][730] = 0
λ[389][144] = 0
λ[390][343] = 0
λ[391][777] = 0
λ[392][600] = 0
λ[393][309] = 0
λ[394][258] = 0
λ[395][188] = 0
λ[396][450] = 0
λ[397][338] = 0
λ[398][194] = 0
λ[399][849] = 0
λ[400][482] = 0
λ[401][798] = 0
λ[402][501] = 0
λ[403][89] = 0
λ[404][333] = 0
λ[405][732] = 0
λ[406][918] = 0
λ[407][814] = 0
λ[408][120] = 0
λ[409][248] = 0
λ[410][519] = 0
λ[411][929] = 0
λ[412][180] = 0
λ[413][510] = 0
λ[414][301] = 0
λ[415][4] = 0
λ[416][883] = 0
λ[417][32] = 0
λ[418][260] = 0
λ[419][871] = 0
λ[420][592] = 0
λ[421][664] = 0
λ[422][422] = 80
λ[423][623] = 0
λ[424][988] = 0
λ[425][215] = 0
λ[426][766] = 0
λ[427][547] = 0
λ[428][93] = 0
λ[429][583] = 0
λ[430][103] = 0
λ[431][202] = 0
λ[432][107] = 0
λ[433][461] = 0
λ[434][184] = 0
λ[435][336] = 0
λ[436][170] = 0
λ[437][564] = 0
λ[438][373] = 0
λ[439][300] = 0
λ[440][285] = 0
λ[441][764] = 0
λ[442][235] = 0
λ[443][541] = 0
λ[444][991] = 0
λ[445][711] = 0
λ[446][707] = 0
λ[447][523] = 0
λ[448][302] = 0
λ[449][616] = 0
λ[450][182] = 0
λ[451][855] = 0
λ[452][161] = 0
λ[453][759] = 0
λ[454][917] = 0
λ[455][630] = 0
λ[456][772] = 0
λ[457][414] = 0
λ[458][953] = 0
λ[459][118] = 0
λ[460][197] = 0
λ[461][731] = 0
λ[462][881] = 0
λ[463][593] = 0
λ[464][294] = 0
λ[465][272] = 0
λ[466][401] = 0
λ[467][612] = 0
λ[468][218] = 0
λ[469][951] = 0
λ[470][947] = 0
λ[471][177] = 0
λ[472][421] = 0
λ[473][940] = 0
λ[474][682] = 0
λ[475][241] = 0
λ[476][751] = 0
λ[477][957] = 0
λ[478][84] = 0
λ[479][410] = 0
λ[480][210] = 0
λ[481][532] = 0
λ[482][291] = 0
λ[483][195] = 0
λ[484][858] = 0
λ[485][703] = 0
λ[486][466] = 0
λ[487][457] = 0
λ[488][590] = 0
λ[489][863] = 0
λ[490][928] = 0
λ[491][550] = 0
λ[492][3] = 0
λ[493][104] = 0
λ[494][141] = 0
λ[495][976] = 0
λ[496][140] = 0
λ[497][911] = 0
λ[498][158] = 0
λ[499][426] = 0
λ[500][51] = 0
λ[501][332] = 0
λ[502][902] = 0
λ[503][549] = 0
λ[504][320] = 0
λ[505][384] = 0
λ[506][238] = 0
λ[507][691] = 0
λ[508][405] = 0
λ[509][45] = 0
λ[510][868] = 0
λ[511][735] = 0
λ[512][847] = 0
λ[513][112] = 0
λ[514][256] = 0
λ[515][761] = 0
λ[516][472] = 0
λ[517][525] = 0
λ[518][781] = 0
λ[519][499] = 0
λ[520][134] = 0
λ[521][965] = 0
λ[522][821] = 0
λ[523][67] = 0
λ[524][48] = 0
λ[525][914] = 0
λ[526][290] = 0
λ[527][574] = 0
λ[528][386] = 0
λ[529][955] = 0
λ[530][650] = 0
λ[531][110] = 0
λ[532][55] = 0
λ[533][890] = 0
λ[534][463] = 0
λ[535][378] = 0
λ[536][752] = 0
λ[537][753] = 0
λ[538][380] = 0
λ[539][728] = 0
λ[540][17] = 0
λ[541][11] = 0
λ[542][763] = 0
λ[543][168] = 0
λ[544][364] = 0
λ[545][874] = 0
λ[546][431] = 0
λ[547][618] = 0
λ[548][606] = 0
λ[549][905] = 0
λ[550][563] = 0
λ[551][72] = 0
λ[552][6] = 0
λ[553][411] = 0
λ[554][530] = 0
λ[555][723] = 0
λ[556][867] = 0
λ[557][12] = 0
λ[558][274] = 0
λ[559][817] = 0
λ[560][620] = 0
λ[561][324] = 0
λ[562][165] = 0
λ[563][629] = 0
λ[564][503] = 0
λ[565][815] = 0
λ[566][804] = 0
λ[567][546] = 0
λ[568][569] = 0
λ[569][37] = 0
λ[570][344] = 0
λ[571][987] = 0
λ[572][125] = 0
λ[573][185] = 0
λ[574][389] = 0
λ[575][598] = 0
λ[576][361] = 0
λ[577][820] = 0
λ[578][856] = 0
λ[579][114] = 0
λ[580][367] = 0
λ[581][701] = 0
λ[582][352] = 0
λ[583][295] = 0
λ[584][305] = 0
λ[585][962] = 0
λ[586][142] = 0
λ[587][599] = 0
λ[588][246] = 0
λ[589][985] = 0
λ[590][853] = 0
λ[591][438] = 0
λ[592][10] = 0
λ[593][740] = 0
λ[594][278] = 0
λ[595][609] = 0
λ[596][948] = 0
λ[597][402] = 0
λ[598][888] = 0
λ[599][14] = 0
λ[600][237] = 0
λ[601][307] = 0
λ[602][42] = 0
λ[603][643] = 0
λ[604][266] = 0
λ[605][734] = 0
λ[606][936] = 0
λ[607][527] = 0
λ[608][690] = 0
λ[609][385] = 0
λ[610][252] = 0
λ[611][992] = 0
λ[612][805] = 0
λ[613][573] = 0
λ[614][374] = 0
λ[615][642] = 0
λ[616][276] = 0
λ[617][80] = 0
λ[618][471] = 0
λ[619][687] = 0
λ[620][227] = 0
λ[621][799] = 0
λ[622][624] = 0
λ[623][49] = 0
λ[624][669] = 0
λ[625][377] = 0
λ[626][442] = 0
λ[627][303] = 0
λ[628][347] = 0
λ[629][154] = 0
λ[630][226] = 0
λ[631][479] = 0
λ[632][949] = 0
λ[633][946] = 0
λ[634][468] = 0
λ[635][30] = 0
λ[636][755] = 0
λ[637][398] = 0
λ[638][219] = 0
λ[639][969] = 0
λ[640][886] = 0
λ[641][456] = 0
λ[642][989] = 0
λ[643][15] = 0
λ[644][465] = 0
λ[645][105] = 0
λ[646][487] = 0
λ[647][36] = 0
λ[648][95] = 0
λ[649][206] = 0
λ[650][613] = 0
λ[651][931] = 0
λ[652][334] = 0
λ[653][575] = 0
λ[654][559] = 0
λ[655][286] = 0
λ[656][675] = 0
λ[657][551] = 0
λ[658][637] = 0
λ[659][78] = 0
λ[660][310] = 0
λ[661][90] = 0
λ[662][121] = 0
λ[663][697] = 0
λ[664][21] = 0
λ[665][765] = 0
λ[666][341] = 0
λ[667][648] = 0
λ[668][495] = 0
λ[669][255] = 0
λ[670][151] = 0
λ[671][956] = 0
λ[672][34] = 0
λ[673][754] = 0
λ[674][899] = 0
λ[675][362] = 0
λ[676][848] = 0
λ[677][24] = 0
λ[678][397] = 0
λ[679][944] = 0
λ[680][741] = 0
λ[681][243] = 0
λ[682][109] = 0
λ[683][365] = 0
λ[684][627] = 0
λ[685][191] = 0
λ[686][514] = 0
λ[687][186] = 0
λ[688][406] = 0
λ[689][464] = 0
λ[690][971] = 0
λ[691][828] = 0
λ[692][610] = 0
λ[693][308] = 0
λ[694][222] = 0
λ[695][972] = 0
λ[696][163] = 0
λ[697][647] = 0
λ[698][567] = 0
λ[699][312] = 0
λ[700][839] = 0
λ[701][964] = 0
λ[702][604] = 0
λ[703][189] = 0
λ[704][789] = 0
λ[705][986] = 0
λ[706][910] = 0
λ[707][724] = 0
λ[708][46] = 0
λ[709][403] = 0
λ[710][304] = 0
λ[711][261] = 0
λ[712][193] = 0
λ[713][214] = 0
λ[714][932] = 0
λ[715][990] = 0
λ[716][183] = 0
λ[717][744] = 0
λ[718][552] = 0
λ[719][571] = 0
λ[720][961] = 0
λ[721][135] = 0
λ[722][782] = 0
λ[723][924] = 0
λ[724][661] = 0
λ[725][259] = 0
λ[726][476] = 0
λ[727][579] = 0
λ[728][83] = 0
λ[729][507] = 0
λ[730][275] = 0
λ[731][53] = 0
λ[732][515] = 0
λ[733][851] = 0
λ[734][778] = 0
λ[735][520] = 0
λ[736][894] = 0
λ[737][351] = 0
λ[738][633] = 0
λ[739][589] = 0
λ[740][480] = 0
λ[741][371] = 0
λ[742][578] = 0
λ[743][715] = 0
λ[744][355] = 0
λ[745][199] = 0
λ[746][774] = 0
λ[747][349] = 0
λ[748][963] = 0
λ[749][994] = 0
λ[750][565] = 0
λ[751][938] = 0
λ[752][439] = 0
λ[753][26] = 0
λ[754][498] = 0
λ[755][834] = 0
λ[756][543] = 0
λ[757][370] = 0
λ[758][7] = 0
λ[759][264] = 0
λ[760][722] = 0
λ[761][409] = 0
λ[762][306] = 0
λ[763][57] = 0
λ[764][432] = 0
λ[765][113] = 0
λ[766][318] = 0
λ[767][175] = 0
λ[768][70] = 0
λ[769][716] = 0
λ[770][376] = 0
λ[771][773] = 0
λ[772][321] = 0
λ[773][614] = 0
λ[774][837] = 0
λ[775][636] = 0
λ[776][875] = 0
λ[777][670] = 0
λ[778][424] = 0
λ[779][531] = 0
λ[780][27] = 0
λ[781][840] = 0
λ[782][299] = 0
λ[783][983] = 0
λ[784][603] = 0
λ[785][98] = 0
λ[786][35] = 0
λ[787][133] = 0
λ[788][50] = 0
λ[789][474] = 0
λ[790][822] = 0
λ[791][280] = 0
λ[792][82] = 0
λ[793][767] = 0
λ[794][607] = 0
λ[795][381] = 0
λ[796][628] = 0
λ[797][427] = 0
λ[798][201] = 0
λ[799][500] = 0
λ[800][524] = 0
λ[801][674] = 0
λ[802][169] = 0
λ[803][714] = 0
λ[804][762] = 0
λ[805][859] = 0
λ[806][683] = 0
λ[807][745] = 0
λ[808][469] = 0
λ[809][796] = 0
λ[810][173] = 0
λ[811][602] = 0
λ[812][262] = 0
λ[813][91] = 0
λ[814][16] = 0
λ[815][813] = 0
λ[816][75] = 0
λ[817][678] = 0
λ[818][369] = 0
λ[819][477] = 0
λ[820][139] = 0
λ[821][673] = 0
λ[822][492] = 0
λ[823][240] = 0
λ[824][790] = 0
λ[825][626] = 0
λ[826][490] = 0
λ[827][553] = 0
λ[828][725] = 0
λ[829][544] = 0
λ[830][966] = 0
λ[831][62] = 0
λ[832][818] = 0
λ[833][331] = 0
λ[834][797] = 0
λ[835][802] = 0
λ[836][145] = 0
λ[837][415] = 0
λ[838][391] = 0
λ[839][68] = 0
λ[840][270] = 0
λ[841][459] = 0
λ[842][943] = 0
λ[843][843] = 52
λ[844][982] = 0
λ[845][560] = 0
λ[846][76] = 0
λ[847][382] = 0
λ[848][556] = 0
λ[849][61] = 0
λ[850][634] = 0
λ[851][198] = 0
λ[852][440] = 0
λ[853][906] = 0
λ[854][830] = 0
λ[855][505] = 0
λ[856][322] = 0
λ[857][756] = 0
λ[858][866] = 0
λ[859][221] = 0
λ[860][842] = 0
λ[861][959] = 0
λ[862][263] = 0
λ[863][316] = 0
λ[864][65] = 0
λ[865][273] = 0
λ[866][131] = 0
λ[867][390] = 0
λ[868][132] = 0
λ[869][581] = 0
λ[870][686] = 0
λ[871][18] = 0
λ[872][534] = 0
λ[873][794] = 0
λ[874][537] = 0
λ[875][935] = 0
λ[876][811] = 0
λ[877][657] = 0
λ[878][967] = 0
λ[879][493] = 0
λ[880][59] = 0
λ[881][19] = 0
λ[882][981] = 0
λ[883][251] = 0
λ[884][372] = 0
λ[885][159] = 0
λ[886][102] = 0
λ[887][812] = 0
λ[888][595] = 0
λ[889][217] = 0
λ[890][641] = 0
λ[891][729] = 0
λ[892][167] = 0
λ[893][399] = 0
λ[894][101] = 0
λ[895][605] = 0
λ[896][685] = 0
λ[897][220] = 0
λ[898][315] = 0
λ[899][314] = 0
λ[900][655] = 0
λ[901][203] = 0
λ[902][181] = 0
λ[903][81] = 0
λ[904][5] = 0
λ[905][538] = 0
λ[906][713] = 0
λ[907][720] = 0
λ[908][665] = 0
λ[909][973] = 0
λ[910][576] = 0
λ[911][340] = 0
λ[912][455] = 0
λ[913][933] = 0
λ[914][284] = 0
λ[915][649] = 0
λ[916][329] = 0
λ[917][568] = 0
λ[918][526] = 0
λ[919][446] = 0
λ[920][211] = 0
λ[921][807] = 0
λ[922][267] = 0
λ[923][825] = 0
λ[924][705] = 0
λ[925][518] = 0
λ[926][913] = 0
λ[927][63] = 0
λ[928][360] = 0
λ[929][453] = 0
λ[930][40] = 0
λ[931][152] = 0
λ[932][760] = 0
λ[933][898] = 0
λ[934][758] = 0
λ[935][419] = 0
λ[936][147] = 0
λ[937][892] = 0
λ[938][511] = 0
λ[939][417] = 0
λ[940][282] = 0
λ[941][860] = 0
λ[942][635] = 0
λ[943][97] = 0
λ[944][688] = 0
λ[945][746] = 0
λ[946][835] = 0
λ[947][445] = 0
λ[948][323] = 0
λ[949][749] = 0
λ[950][395] = 0
λ[951][383] = 0
λ[952][92] = 0
λ[953][358] = 0
λ[954][475] = 0
λ[955][153] = 0
λ[956][408] = 0
λ[957][699] = 0
λ[958][719] = 0
λ[959][793] = 0
λ[960][577] = 0
λ[961][869] = 0
λ[962][64] = 0
λ[963][444] = 0
λ[964][117] = 0
λ[965][742] = 0
λ[966][737] = 0
λ[967][239] = 0
λ[968][786] = 0
λ[969][852] = 0
λ[970][978] = 0
λ[971][662] = 0
λ[972][708] = 0
λ[973][824] = 0
λ[974][882] = 0
λ[975][87] = 0
λ[976][249] = 0
λ[977][150] = 0
λ[978][224] = 0
λ[979][127] = 0
λ[980][533] = 0
λ[981][775] = 0
λ[982][660] = 0
λ[983][473] = 0
λ[984][317] = 0
λ[985][891] = 0
λ[986][196] = 0
λ[987][908] = 0
λ[988][31] = 0
λ[989][770] = 0
λ[990][43] = 0
λ[991][325] = 0
λ[992][980] = 0
λ[993][681] = 0
λ[994][491] = 0
λ[995][572] = 0
λ[996][952] = 0
λ[997][171] = 0
λ[998][416] = 0
λ[999][296] = 0
========================================================
========================================================

TEMPO DE EXECUÇÃO DO BAP: 744.527 segundos
========================================================

