========================================================
CUSTO ÓTIMO (gargalo): 11
========================================================

Tarefa 0 → Agente 3
Tarefa 1 → Agente 9
Tarefa 2 → Agente 8
Tarefa 3 → Agente 2
Tarefa 4 → Agente 4
Tarefa 5 → Agente 1
Tarefa 6 → Agente 0
Tarefa 7 → Agente 7
Tarefa 8 → Agente 5
Tarefa 9 → Agente 6

========================================================
MARGENS DE SEGURANÇA λ₍ᵢⱼ₎:
========================================================
λ[0][3] = 0
λ[1][9] = 0
λ[2][8] = 0
λ[3][2] = 0
λ[4][4] = 2
λ[5][1] = 0
λ[6][0] = 0
λ[7][7] = 5
λ[8][5] = 0
λ[9][6] = 0

========================================================
TEMPO DE EXECUÇÃO DO BAP: 0.000650412 segundos
========================================================

