========================================================
EXECUTANDO VND COM BASE NA SOLUÇÃO ÓTIMA
========================================================

CUSTO BASE (gargalo): 10

========================================================
MARGENS DE SEGURANÇA λ₍ᵢⱼ₎ (VND):
========================================================
λ[0][1] = 0
λ[1][0] = 0
λ[2][3] = 0
λ[3][2] = 0
λ[4][5] = 0
λ[5][4] = 0
λ[6][7] = 0
λ[7][6] = 0
λ[8][9] = 0
λ[9][8] = 0

========================================================
TEMPO DE EXECUÇÃO DO VND: 5.5633e-05 segundos
========================================================

