========================================================
EXECUTANDO VND COM BASE NA SOLUÇÃO ÓTIMA
========================================================

CUSTO BASE (gargalo): 50

========================================================
MARGENS DE SEGURANÇA λ₍ᵢⱼ₎ (VND):
========================================================
λ[0][35] = 0
λ[1][72] = 0
λ[2][56] = 0
λ[3][87] = 0
λ[4][14] = 0
λ[5][13] = 0
λ[6][17] = 0
λ[7][60] = 0
λ[8][31] = 0
λ[9][69] = 0
λ[10][23] = 0
λ[11][73] = 0
λ[12][55] = 0
λ[13][10] = 0
λ[14][99] = 0
λ[15][79] = 0
λ[16][84] = 0
λ[17][38] = 0
λ[18][36] = 0
λ[19][48] = 0
λ[20][6] = 0
λ[21][54] = 0
λ[22][5] = 0
λ[23][4] = 0
λ[24][40] = 0
λ[25][11] = 0
λ[26][70] = 0
λ[27][9] = 0
λ[28][77] = 0
λ[29][93] = 0
λ[30][80] = 0
λ[31][25] = 0
λ[32][39] = 0
λ[33][7] = 0
λ[34][57] = 0
λ[35][64] = 0
λ[36][45] = 0
λ[37][34] = 0
λ[38][89] = 0
λ[39][22] = 0
λ[40][42] = 0
λ[41][15] = 0
λ[42][98] = 0
λ[43][1] = 0
λ[44][88] = 0
λ[45][44] = 0
λ[46][75] = 0
λ[47][20] = 0
λ[48][58] = 0
λ[49][24] = 0
λ[50][3] = 0
λ[51][51] = 0
λ[52][95] = 0
λ[53][21] = 0
λ[54][81] = 0
λ[55][65] = 0
λ[56][52] = 0
λ[57][83] = 0
λ[58][33] = 0
λ[59][96] = 0
λ[60][32] = 0
λ[61][49] = 0
λ[62][97] = 0
λ[63][94] = 0
λ[64][29] = 0
λ[65][74] = 0
λ[66][66] = 0
λ[67][53] = 0
λ[68][86] = 0
λ[69][41] = 0
λ[70][18] = 0
λ[71][92] = 0
λ[72][90] = 0
λ[73][50] = 0
λ[74][47] = 0
λ[75][82] = 0
λ[76][71] = 0
λ[77][61] = 0
λ[78][8] = 0
λ[79][67] = 0
λ[80][85] = 0
λ[81][62] = 0
λ[82][43] = 0
λ[83][0] = 0
λ[84][63] = 0
λ[85][76] = 0
λ[86][26] = 0
λ[87][27] = 0
λ[88][16] = 0
λ[89][28] = 0
λ[90][37] = 0
λ[91][78] = 0
λ[92][30] = 0
λ[93][46] = 0
λ[94][2] = 0
λ[95][12] = 0
λ[96][59] = 0
λ[97][68] = 0
λ[98][91] = 0
λ[99][19] = 0

========================================================
TEMPO DE EXECUÇÃO DO VND: 0.000651117 segundos
========================================================

