========================================================
EXECUTANDO VND COM BASE NA SOLUÇÃO ÓTIMA
========================================================

CUSTO BASE (gargalo): 106

========================================================
MARGENS DE SEGURANÇA λ₍ᵢⱼ₎ (VND):
========================================================
λ[0][400] = 0
λ[1][504] = 0
λ[2][337] = 0
λ[3][596] = 0
λ[4][791] = 0
λ[5][937] = 0
λ[6][663] = 0
λ[7][968] = 0
λ[8][451] = 0
λ[9][425] = 0
λ[10][999] = 0
λ[11][919] = 0
λ[12][841] = 0
λ[13][212] = 0
λ[14][783] = 0
λ[15][330] = 0
λ[16][277] = 0
λ[17][712] = 0
λ[18][56] = 0
λ[19][124] = 0
λ[20][116] = 0
λ[21][288] = 0
λ[22][594] = 0
λ[23][496] = 0
λ[24][297] = 0
λ[25][809] = 0
λ[26][570] = 0
λ[27][506] = 0
λ[28][668] = 0
λ[29][993] = 0
λ[30][179] = 0
λ[31][800] = 0
λ[32][517] = 0
λ[33][838] = 0
λ[34][54] = 0
λ[35][879] = 0
λ[36][555] = 0
λ[37][486] = 0
λ[38][20] = 0
λ[39][870] = 0
λ[40][861] = 0
λ[41][717] = 0
λ[42][934] = 0
λ[43][502] = 0
λ[44][119] = 0
λ[45][757] = 0
λ[46][979] = 0
λ[47][601] = 0
λ[48][155] = 0
λ[49][706] = 0
λ[50][247] = 0
λ[51][788] = 0
λ[52][702] = 0
λ[53][228] = 0
λ[54][608] = 0
λ[55][39] = 0
λ[56][413] = 0
λ[57][454] = 0
λ[58][960] = 0
λ[59][974] = 0
λ[60][561] = 0
λ[61][234] = 0
λ[62][679] = 0
λ[63][229] = 0
λ[64][460] = 0
λ[65][621] = 0
λ[66][806] = 0
λ[67][328] = 0
λ[68][909] = 0
λ[69][348] = 0
λ[70][79] = 0
λ[71][803] = 0
λ[72][680] = 0
λ[73][244] = 0
λ[74][319] = 0
λ[75][885] = 0
λ[76][769] = 0
λ[77][582] = 0
λ[78][787] = 0
λ[79][694] = 0
λ[80][236] = 0
λ[81][939] = 0
λ[82][651] = 0
λ[83][178] = 0
λ[84][298] = 0
λ[85][162] = 0
λ[86][942] = 0
λ[87][640] = 0
λ[88][693] = 0
λ[89][96] = 0
λ[90][916] = 0
λ[91][22] = 0
λ[92][950] = 0
λ[93][816] = 0
λ[94][441] = 0
λ[95][292] = 0
λ[96][915] = 0
λ[97][873] = 0
λ[98][192] = 0
λ[99][458] = 0
λ[100][925] = 0
λ[101][901] = 0
λ[102][157] = 0
λ[103][584] = 0
λ[104][615] = 0
λ[105][368] = 0
λ[106][921] = 0
λ[107][216] = 0
λ[108][489] = 0
λ[109][644] = 0
λ[110][631] = 0
λ[111][0] = 0
λ[112][350] = 0
λ[113][907] = 0
λ[114][363] = 0
λ[115][287] = 0
λ[116][632] = 0
λ[117][200] = 0
λ[118][528] = 0
λ[119][428] = 0
λ[120][279] = 0
λ[121][29] = 0
λ[122][160] = 0
λ[123][698] = 0
λ[124][808] = 0
λ[125][485] = 0
λ[126][877] = 0
λ[127][156] = 0
λ[128][521] = 0
λ[129][449] = 0
λ[130][509] = 0
λ[131][225] = 0
λ[132][926] = 0
λ[133][148] = 0
λ[134][353] = 0
λ[135][970] = 0
λ[136][639] = 0
λ[137][667] = 0
λ[138][94] = 0
λ[139][864] = 0
λ[140][174] = 0
λ[141][539] = 0
λ[142][893] = 0
λ[143][954] = 0
λ[144][149] = 0
λ[145][483] = 0
λ[146][996] = 0
λ[147][2] = 0
λ[148][52] = 0
λ[149][692] = 0
λ[150][884] = 0
λ[151][736] = 0
λ[152][293] = 0
λ[153][143] = 0
λ[154][71] = 0
λ[155][436] = 0
λ[156][646] = 0
λ[157][900] = 0
λ[158][233] = 0
λ[159][467] = 0
λ[160][265] = 0
λ[161][242] = 0
λ[162][512] = 0
λ[163][845] = 0
λ[164][548] = 0
λ[165][66] = 0
λ[166][356] = 0
λ[167][494] = 0
λ[168][998] = 0
λ[169][166] = 0
λ[170][138] = 0
λ[171][128] = 0
λ[172][784] = 0
λ[173][771] = 0
λ[174][126] = 0
λ[175][854] = 0
λ[176][366] = 0
λ[177][585] = 0
λ[178][208] = 0
λ[179][187] = 0
λ[180][207] = 0
λ[181][106] = 0
λ[182][85] = 0
λ[183][654] = 0
λ[184][253] = 0
λ[185][625] = 0
λ[186][920] = 0
λ[187][213] = 0
λ[188][25] = 0
λ[189][700] = 0
λ[190][88] = 0
λ[191][622] = 0
λ[192][313] = 0
λ[193][912] = 0
λ[194][927] = 0
λ[195][429] = 0
λ[196][652] = 0
λ[197][880] = 0
λ[198][100] = 0
λ[199][554] = 0
λ[200][558] = 0
λ[201][619] = 0
λ[202][977] = 0
λ[203][478] = 0
λ[204][795] = 0
λ[205][9] = 0
λ[206][508] = 0
λ[207][591] = 0
λ[208][529] = 0
λ[209][281] = 0
λ[210][205] = 0
λ[211][77] = 0
λ[212][335] = 0
λ[213][58] = 0
λ[214][896] = 0
λ[215][115] = 0
λ[216][396] = 0
λ[217][231] = 0
λ[218][566] = 0
λ[219][393] = 0
λ[220][375] = 0
λ[221][164] = 0
λ[222][653] = 0
λ[223][111] = 0
λ[224][13] = 0
λ[225][542] = 0
λ[226][47] = 0
λ[227][513] = 0
λ[228][536] = 0
λ[229][580] = 0
λ[230][733] = 0
λ[231][597] = 0
λ[232][484] = 0
λ[233][889] = 0
λ[234][122] = 0
λ[235][945] = 0
λ[236][33] = 0
λ[237][38] = 0
λ[238][443] = 0
λ[239][557] = 0
λ[240][878] = 0
λ[241][470] = 0
λ[242][676] = 0
λ[243][136] = 0
λ[244][522] = 0
λ[245][23] = 0
λ[246][995] = 0
λ[247][404] = 0
λ[248][357] = 0
λ[249][658] = 0
λ[250][857] = 0
λ[251][204] = 0
λ[252][672] = 0
λ[253][289] = 0
λ[254][41] = 0
λ[255][433] = 0
λ[256][872] = 0
λ[257][268] = 0
λ[258][327] = 0
λ[259][862] = 0
λ[260][586] = 0
λ[261][412] = 0
λ[262][876] = 0
λ[263][342] = 0
λ[264][540] = 0
λ[265][750] = 0
λ[266][836] = 0
λ[267][827] = 0
λ[268][923] = 0
λ[269][392] = 0
λ[270][123] = 0
λ[271][922] = 0
λ[272][257] = 0
λ[273][801] = 0
λ[274][829] = 0
λ[275][418] = 0
λ[276][108] = 0
λ[277][718] = 0
λ[278][435] = 0
λ[279][727] = 0
λ[280][387] = 0
λ[281][283] = 0
λ[282][617] = 0
λ[283][73] = 0
λ[284][545] = 0
λ[285][74] = 0
λ[286][695] = 0
λ[287][1] = 0
λ[288][748] = 0
λ[289][146] = 0
λ[290][462] = 0
λ[291][488] = 0
λ[292][726] = 0
λ[293][780] = 0
λ[294][359] = 0
λ[295][704] = 0
λ[296][776] = 0
λ[297][69] = 0
λ[298][230] = 0
λ[299][747] = 0
λ[300][130] = 0
λ[301][176] = 0
λ[302][254] = 0
λ[303][407] = 0
λ[304][897] = 0
λ[305][394] = 0
λ[306][448] = 0
λ[307][779] = 0
λ[308][535] = 0
λ[309][684] = 0
λ[310][245] = 0
λ[311][810] = 0
λ[312][346] = 0
λ[313][645] = 0
λ[314][792] = 0
λ[315][671] = 0
λ[316][887] = 0
λ[317][846] = 0
λ[318][137] = 0
λ[319][865] = 0
λ[320][172] = 0
λ[321][696] = 0
λ[322][785] = 0
λ[323][209] = 0
λ[324][481] = 0
λ[325][823] = 0
λ[326][739] = 0
λ[327][710] = 0
λ[328][689] = 0
λ[329][326] = 0
λ[330][437] = 0
λ[331][844] = 0
λ[332][833] = 0
λ[333][271] = 0
λ[334][44] = 0
λ[335][311] = 0
λ[336][850] = 0
λ[337][721] = 0
λ[338][984] = 0
λ[339][339] = 0
λ[340][958] = 0
λ[341][28] = 0
λ[342][611] = 0
λ[343][659] = 0
λ[344][434] = 0
λ[345][452] = 0
λ[346][768] = 0
λ[347][666] = 0
λ[348][941] = 0
λ[349][60] = 0
λ[350][129] = 0
λ[351][86] = 0
λ[352][379] = 0
λ[353][832] = 0
λ[354][997] = 0
λ[355][904] = 0
λ[356][232] = 0
λ[357][826] = 0
λ[358][420] = 0
λ[359][99] = 0
λ[360][354] = 0
λ[361][677] = 0
λ[362][588] = 0
λ[363][709] = 0
λ[364][656] = 0
λ[365][345] = 0
λ[366][388] = 0
λ[367][930] = 0
λ[368][819] = 0
λ[369][190] = 0
λ[370][743] = 0
λ[371][447] = 0
λ[372][497] = 0
λ[373][516] = 0
λ[374][831] = 0
λ[375][223] = 0
λ[376][903] = 0
λ[377][638] = 0
λ[378][430] = 0
λ[379][250] = 0
λ[380][975] = 0
λ[381][269] = 0
λ[382][587] = 0
λ[383][8] = 0
λ[384][562] = 0
λ[385][738] = 0
λ[386][895] = 0
λ[387][423] = 0
λ[388][730] = 0
λ[389][144] = 0
λ[390][343] = 0
λ[391][777] = 0
λ[392][600] = 0
λ[393][309] = 0
λ[394][258] = 0
λ[395][188] = 0
λ[396][450] = 0
λ[397][338] = 0
λ[398][194] = 0
λ[399][849] = 0
λ[400][482] = 0
λ[401][798] = 0
λ[402][501] = 0
λ[403][89] = 0
λ[404][333] = 0
λ[405][732] = 0
λ[406][918] = 0
λ[407][814] = 0
λ[408][120] = 0
λ[409][248] = 0
λ[410][519] = 0
λ[411][929] = 0
λ[412][180] = 0
λ[413][510] = 0
λ[414][301] = 0
λ[415][4] = 0
λ[416][883] = 0
λ[417][32] = 0
λ[418][260] = 0
λ[419][871] = 0
λ[420][592] = 0
λ[421][664] = 0
λ[422][422] = 0
λ[423][623] = 0
λ[424][988] = 0
λ[425][215] = 0
λ[426][766] = 0
λ[427][547] = 0
λ[428][93] = 0
λ[429][583] = 0
λ[430][103] = 0
λ[431][202] = 0
λ[432][107] = 0
λ[433][461] = 0
λ[434][184] = 0
λ[435][336] = 0
λ[436][170] = 0
λ[437][564] = 0
λ[438][373] = 0
λ[439][300] = 0
λ[440][285] = 0
λ[441][764] = 0
λ[442][235] = 0
λ[443][541] = 0
λ[444][991] = 0
λ[445][711] = 0
λ[446][707] = 0
λ[447][523] = 0
λ[448][302] = 0
λ[449][616] = 0
λ[450][182] = 0
λ[451][855] = 0
λ[452][161] = 0
λ[453][759] = 0
λ[454][917] = 0
λ[455][630] = 0
λ[456][772] = 0
λ[457][414] = 0
λ[458][953] = 0
λ[459][118] = 0
λ[460][197] = 0
λ[461][731] = 0
λ[462][881] = 0
λ[463][593] = 0
λ[464][294] = 0
λ[465][272] = 0
λ[466][401] = 0
λ[467][612] = 0
λ[468][218] = 0
λ[469][951] = 0
λ[470][947] = 0
λ[471][177] = 0
λ[472][421] = 0
λ[473][940] = 0
λ[474][682] = 0
λ[475][241] = 0
λ[476][751] = 0
λ[477][957] = 0
λ[478][84] = 0
λ[479][410] = 0
λ[480][210] = 0
λ[481][532] = 0
λ[482][291] = 0
λ[483][195] = 0
λ[484][858] = 0
λ[485][703] = 0
λ[486][466] = 0
λ[487][457] = 0
λ[488][590] = 0
λ[489][863] = 0
λ[490][928] = 0
λ[491][550] = 0
λ[492][3] = 0
λ[493][104] = 0
λ[494][141] = 0
λ[495][976] = 0
λ[496][140] = 0
λ[497][911] = 0
λ[498][158] = 0
λ[499][426] = 0
λ[500][51] = 0
λ[501][332] = 0
λ[502][902] = 0
λ[503][549] = 0
λ[504][320] = 0
λ[505][384] = 0
λ[506][238] = 0
λ[507][691] = 0
λ[508][405] = 0
λ[509][45] = 0
λ[510][868] = 0
λ[511][735] = 0
λ[512][847] = 0
λ[513][112] = 0
λ[514][256] = 0
λ[515][761] = 0
λ[516][472] = 0
λ[517][525] = 0
λ[518][781] = 0
λ[519][499] = 0
λ[520][134] = 0
λ[521][965] = 0
λ[522][821] = 0
λ[523][67] = 0
λ[524][48] = 0
λ[525][914] = 0
λ[526][290] = 0
λ[527][574] = 0
λ[528][386] = 0
λ[529][955] = 0
λ[530][650] = 0
λ[531][110] = 0
λ[532][55] = 0
λ[533][890] = 0
λ[534][463] = 0
λ[535][378] = 0
λ[536][752] = 0
λ[537][753] = 0
λ[538][380] = 0
λ[539][728] = 0
λ[540][17] = 0
λ[541][11] = 0
λ[542][763] = 0
λ[543][168] = 0
λ[544][364] = 0
λ[545][874] = 0
λ[546][431] = 0
λ[547][618] = 0
λ[548][606] = 0
λ[549][905] = 0
λ[550][563] = 0
λ[551][72] = 0
λ[552][6] = 0
λ[553][411] = 0
λ[554][530] = 0
λ[555][723] = 0
λ[556][867] = 0
λ[557][12] = 0
λ[558][274] = 0
λ[559][817] = 0
λ[560][620] = 0
λ[561][324] = 0
λ[562][165] = 0
λ[563][629] = 0
λ[564][503] = 0
λ[565][815] = 0
λ[566][804] = 0
λ[567][546] = 0
λ[568][569] = 0
λ[569][37] = 0
λ[570][344] = 0
λ[571][987] = 0
λ[572][125] = 0
λ[573][185] = 0
λ[574][389] = 0
λ[575][598] = 0
λ[576][361] = 0
λ[577][820] = 0
λ[578][856] = 0
λ[579][114] = 0
λ[580][367] = 0
λ[581][701] = 0
λ[582][352] = 0
λ[583][295] = 0
λ[584][305] = 0
λ[585][962] = 0
λ[586][142] = 0
λ[587][599] = 0
λ[588][246] = 0
λ[589][985] = 0
λ[590][853] = 0
λ[591][438] = 0
λ[592][10] = 0
λ[593][740] = 0
λ[594][278] = 0
λ[595][609] = 0
λ[596][948] = 0
λ[597][402] = 0
λ[598][888] = 0
λ[599][14] = 0
λ[600][237] = 0
λ[601][307] = 0
λ[602][42] = 0
λ[603][643] = 0
λ[604][266] = 0
λ[605][734] = 0
λ[606][936] = 0
λ[607][527] = 0
λ[608][690] = 0
λ[609][385] = 0
λ[610][252] = 0
λ[611][992] = 0
λ[612][805] = 0
λ[613][573] = 0
λ[614][374] = 0
λ[615][642] = 0
λ[616][276] = 0
λ[617][80] = 0
λ[618][471] = 0
λ[619][687] = 0
λ[620][227] = 0
λ[621][799] = 0
λ[622][624] = 0
λ[623][49] = 0
λ[624][669] = 0
λ[625][377] = 0
λ[626][442] = 0
λ[627][303] = 0
λ[628][347] = 0
λ[629][154] = 0
λ[630][226] = 0
λ[631][479] = 0
λ[632][949] = 0
λ[633][946] = 0
λ[634][468] = 0
λ[635][30] = 0
λ[636][755] = 0
λ[637][398] = 0
λ[638][219] = 0
λ[639][969] = 0
λ[640][886] = 0
λ[641][456] = 0
λ[642][989] = 0
λ[643][15] = 0
λ[644][465] = 0
λ[645][105] = 0
λ[646][487] = 0
λ[647][36] = 0
λ[648][95] = 0
λ[649][206] = 0
λ[650][613] = 0
λ[651][931] = 0
λ[652][334] = 0
λ[653][575] = 0
λ[654][559] = 0
λ[655][286] = 0
λ[656][675] = 0
λ[657][551] = 0
λ[658][637] = 0
λ[659][78] = 0
λ[660][310] = 0
λ[661][90] = 0
λ[662][121] = 0
λ[663][697] = 0
λ[664][21] = 0
λ[665][765] = 0
λ[666][341] = 0
λ[667][648] = 0
λ[668][495] = 0
λ[669][255] = 0
λ[670][151] = 0
λ[671][956] = 0
λ[672][34] = 0
λ[673][754] = 0
λ[674][899] = 0
λ[675][362] = 0
λ[676][848] = 0
λ[677][24] = 0
λ[678][397] = 0
λ[679][944] = 0
λ[680][741] = 0
λ[681][243] = 0
λ[682][109] = 0
λ[683][365] = 0
λ[684][627] = 0
λ[685][191] = 0
λ[686][514] = 0
λ[687][186] = 0
λ[688][406] = 0
λ[689][464] = 0
λ[690][971] = 0
λ[691][828] = 0
λ[692][610] = 0
λ[693][308] = 0
λ[694][222] = 0
λ[695][972] = 0
λ[696][163] = 0
λ[697][647] = 0
λ[698][567] = 0
λ[699][312] = 0
λ[700][839] = 0
λ[701][964] = 0
λ[702][604] = 0
λ[703][189] = 0
λ[704][789] = 0
λ[705][986] = 0
λ[706][910] = 0
λ[707][724] = 0
λ[708][46] = 0
λ[709][403] = 0
λ[710][304] = 0
λ[711][261] = 0
λ[712][193] = 0
λ[713][214] = 0
λ[714][932] = 0
λ[715][990] = 0
λ[716][183] = 0
λ[717][744] = 0
λ[718][552] = 0
λ[719][571] = 0
λ[720][961] = 0
λ[721][135] = 0
λ[722][782] = 0
λ[723][924] = 0
λ[724][661] = 0
λ[725][259] = 0
λ[726][476] = 0
λ[727][579] = 0
λ[728][83] = 0
λ[729][507] = 0
λ[730][275] = 0
λ[731][53] = 0
λ[732][515] = 0
λ[733][851] = 0
λ[734][778] = 0
λ[735][520] = 0
λ[736][894] = 0
λ[737][351] = 0
λ[738][633] = 0
λ[739][589] = 0
λ[740][480] = 0
λ[741][371] = 0
λ[742][578] = 0
λ[743][715] = 0
λ[744][355] = 0
λ[745][199] = 0
λ[746][774] = 0
λ[747][349] = 0
λ[748][963] = 0
λ[749][994] = 0
λ[750][565] = 0
λ[751][938] = 0
λ[752][439] = 0
λ[753][26] = 0
λ[754][498] = 0
λ[755][834] = 0
λ[756][543] = 0
λ[757][370] = 0
λ[758][7] = 0
λ[759][264] = 0
λ[760][722] = 0
λ[761][409] = 0
λ[762][306] = 0
λ[763][57] = 0
λ[764][432] = 0
λ[765][113] = 0
λ[766][318] = 0
λ[767][175] = 0
λ[768][70] = 0
λ[769][716] = 0
λ[770][376] = 0
λ[771][773] = 0
λ[772][321] = 0
λ[773][614] = 0
λ[774][837] = 0
λ[775][636] = 0
λ[776][875] = 0
λ[777][670] = 0
λ[778][424] = 0
λ[779][531] = 0
λ[780][27] = 0
λ[781][840] = 0
λ[782][299] = 0
λ[783][983] = 0
λ[784][603] = 0
λ[785][98] = 0
λ[786][35] = 0
λ[787][133] = 0
λ[788][50] = 0
λ[789][474] = 0
λ[790][822] = 0
λ[791][280] = 0
λ[792][82] = 0
λ[793][767] = 0
λ[794][607] = 0
λ[795][381] = 0
λ[796][628] = 0
λ[797][427] = 0
λ[798][201] = 0
λ[799][500] = 0
λ[800][524] = 0
λ[801][674] = 0
λ[802][169] = 0
λ[803][714] = 0
λ[804][762] = 0
λ[805][859] = 0
λ[806][683] = 0
λ[807][745] = 0
λ[808][469] = 0
λ[809][796] = 0
λ[810][173] = 0
λ[811][602] = 0
λ[812][262] = 0
λ[813][91] = 0
λ[814][16] = 0
λ[815][813] = 0
λ[816][75] = 0
λ[817][678] = 0
λ[818][369] = 0
λ[819][477] = 0
λ[820][139] = 0
λ[821][673] = 0
λ[822][492] = 0
λ[823][240] = 0
λ[824][790] = 0
λ[825][626] = 0
λ[826][490] = 0
λ[827][553] = 0
λ[828][725] = 0
λ[829][544] = 0
λ[830][966] = 0
λ[831][62] = 0
λ[832][818] = 0
λ[833][331] = 0
λ[834][797] = 0
λ[835][802] = 0
λ[836][145] = 0
λ[837][415] = 0
λ[838][391] = 0
λ[839][68] = 0
λ[840][270] = 0
λ[841][459] = 0
λ[842][943] = 0
λ[843][843] = 0
λ[844][982] = 0
λ[845][560] = 0
λ[846][76] = 0
λ[847][382] = 0
λ[848][556] = 0
λ[849][61] = 0
λ[850][634] = 0
λ[851][198] = 0
λ[852][440] = 0
λ[853][906] = 0
λ[854][830] = 0
λ[855][505] = 0
λ[856][322] = 0
λ[857][756] = 0
λ[858][866] = 0
λ[859][221] = 0
λ[860][842] = 0
λ[861][959] = 0
λ[862][263] = 0
λ[863][316] = 0
λ[864][65] = 0
λ[865][273] = 0
λ[866][131] = 0
λ[867][390] = 0
λ[868][132] = 0
λ[869][581] = 0
λ[870][686] = 0
λ[871][18] = 0
λ[872][534] = 0
λ[873][794] = 0
λ[874][537] = 0
λ[875][935] = 0
λ[876][811] = 0
λ[877][657] = 0
λ[878][967] = 0
λ[879][493] = 0
λ[880][59] = 0
λ[881][19] = 0
λ[882][981] = 0
λ[883][251] = 0
λ[884][372] = 0
λ[885][159] = 0
λ[886][102] = 0
λ[887][812] = 0
λ[888][595] = 0
λ[889][217] = 0
λ[890][641] = 0
λ[891][729] = 0
λ[892][167] = 0
λ[893][399] = 0
λ[894][101] = 0
λ[895][605] = 0
λ[896][685] = 0
λ[897][220] = 0
λ[898][315] = 0
λ[899][314] = 0
λ[900][655] = 0
λ[901][203] = 0
λ[902][181] = 0
λ[903][81] = 0
λ[904][5] = 0
λ[905][538] = 0
λ[906][713] = 0
λ[907][720] = 0
λ[908][665] = 0
λ[909][973] = 0
λ[910][576] = 0
λ[911][340] = 0
λ[912][455] = 0
λ[913][933] = 0
λ[914][284] = 0
λ[915][649] = 0
λ[916][329] = 0
λ[917][568] = 0
λ[918][526] = 0
λ[919][446] = 0
λ[920][211] = 0
λ[921][807] = 0
λ[922][267] = 0
λ[923][825] = 0
λ[924][705] = 0
λ[925][518] = 0
λ[926][913] = 0
λ[927][63] = 0
λ[928][360] = 0
λ[929][453] = 0
λ[930][40] = 0
λ[931][152] = 0
λ[932][760] = 0
λ[933][898] = 0
λ[934][758] = 0
λ[935][419] = 0
λ[936][147] = 0
λ[937][892] = 0
λ[938][511] = 0
λ[939][417] = 0
λ[940][282] = 0
λ[941][860] = 0
λ[942][635] = 0
λ[943][97] = 0
λ[944][688] = 0
λ[945][746] = 0
λ[946][835] = 0
λ[947][445] = 0
λ[948][323] = 0
λ[949][749] = 0
λ[950][395] = 0
λ[951][383] = 0
λ[952][92] = 0
λ[953][358] = 0
λ[954][475] = 0
λ[955][153] = 0
λ[956][408] = 0
λ[957][699] = 0
λ[958][719] = 0
λ[959][793] = 0
λ[960][577] = 0
λ[961][869] = 0
λ[962][64] = 0
λ[963][444] = 0
λ[964][117] = 0
λ[965][742] = 0
λ[966][737] = 0
λ[967][239] = 0
λ[968][786] = 0
λ[969][852] = 0
λ[970][978] = 0
λ[971][662] = 0
λ[972][708] = 0
λ[973][824] = 0
λ[974][882] = 0
λ[975][87] = 0
λ[976][249] = 0
λ[977][150] = 0
λ[978][224] = 0
λ[979][127] = 0
λ[980][533] = 0
λ[981][775] = 0
λ[982][660] = 0
λ[983][473] = 0
λ[984][317] = 0
λ[985][891] = 0
λ[986][196] = 0
λ[987][908] = 0
λ[988][31] = 0
λ[989][770] = 0
λ[990][43] = 0
λ[991][325] = 0
λ[992][980] = 0
λ[993][681] = 0
λ[994][491] = 0
λ[995][572] = 0
λ[996][952] = 0
λ[997][171] = 0
λ[998][416] = 0
λ[999][296] = 0

========================================================
TEMPO DE EXECUÇÃO DO VND: 0.0271983 segundos
========================================================

