========================================================
EXECUTANDO VND COM BASE NA SOLUÇÃO ÓTIMA
========================================================

CUSTO BASE (gargalo): 11

========================================================
MARGENS DE SEGURANÇA λ₍ᵢⱼ₎ (VND):
========================================================
λ[0][3] = 0
λ[1][9] = 0
λ[2][8] = 0
λ[3][2] = 0
λ[4][4] = 0
λ[5][1] = 0
λ[6][0] = 0
λ[7][7] = 0
λ[8][5] = 0
λ[9][6] = 0

========================================================
TEMPO DE EXECUÇÃO DO VND: 7.9583e-05 segundos
========================================================

