========================================================
EXECUTANDO VND COM BASE NA SOLUÇÃO ÓTIMA
========================================================

CUSTO BASE (gargalo): 10

========================================================
MARGENS DE SEGURANÇA λ₍ᵢⱼ₎ (VND):
========================================================
λ[0][0] = 0
λ[1][1] = 0
λ[2][2] = 0
λ[3][3] = 0
λ[4][4] = 0
λ[5][5] = 0
λ[6][6] = 0
λ[7][7] = 0
λ[8][8] = 0
λ[9][9] = 0

========================================================
TEMPO DE EXECUÇÃO DO VND: 6.0312e-05 segundos
========================================================

