========================================================
EXECUTANDO VND COM BASE NA SOLUÇÃO ÓTIMA
========================================================

CUSTO BASE (gargalo): 13

========================================================
MARGENS DE SEGURANÇA λ₍ᵢⱼ₎ (VND):
========================================================
λ[0][155] = 0
λ[1][122] = 0
λ[2][428] = 0
λ[3][393] = 0
λ[4][33] = 0
λ[5][147] = 0
λ[6][139] = 0
λ[7][318] = 0
λ[8][442] = 0
λ[9][110] = 0
λ[10][235] = 0
λ[11][495] = 0
λ[12][367] = 0
λ[13][174] = 0
λ[14][439] = 0
λ[15][237] = 0
λ[16][347] = 0
λ[17][385] = 0
λ[18][419] = 0
λ[19][148] = 0
λ[20][7] = 0
λ[21][197] = 0
λ[22][88] = 0
λ[23][97] = 0
λ[24][93] = 0
λ[25][386] = 0
λ[26][13] = 0
λ[27][433] = 0
λ[28][493] = 0
λ[29][336] = 0
λ[30][491] = 0
λ[31][17] = 0
λ[32][359] = 0
λ[33][67] = 0
λ[34][301] = 0
λ[35][283] = 0
λ[36][449] = 0
λ[37][144] = 0
λ[38][417] = 0
λ[39][215] = 0
λ[40][180] = 0
λ[41][41] = 0
λ[42][68] = 0
λ[43][4] = 0
λ[44][426] = 0
λ[45][277] = 0
λ[46][289] = 0
λ[47][295] = 0
λ[48][470] = 0
λ[49][434] = 0
λ[50][112] = 0
λ[51][365] = 0
λ[52][363] = 0
λ[53][20] = 0
λ[54][391] = 0
λ[55][14] = 0
λ[56][305] = 0
λ[57][29] = 0
λ[58][106] = 0
λ[59][179] = 0
λ[60][344] = 0
λ[61][256] = 0
λ[62][317] = 0
λ[63][218] = 0
λ[64][249] = 0
λ[65][223] = 0
λ[66][278] = 0
λ[67][187] = 0
λ[68][229] = 0
λ[69][58] = 0
λ[70][436] = 0
λ[71][263] = 0
λ[72][157] = 0
λ[73][459] = 0
λ[74][374] = 0
λ[75][454] = 0
λ[76][354] = 0
λ[77][409] = 0
λ[78][175] = 0
λ[79][236] = 0
λ[80][420] = 0
λ[81][413] = 0
λ[82][231] = 0
λ[83][499] = 0
λ[84][74] = 0
λ[85][287] = 0
λ[86][353] = 0
λ[87][312] = 0
λ[88][330] = 0
λ[89][181] = 0
λ[90][489] = 0
λ[91][488] = 0
λ[92][255] = 0
λ[93][440] = 0
λ[94][314] = 0
λ[95][124] = 0
λ[96][43] = 0
λ[97][118] = 0
λ[98][168] = 0
λ[99][332] = 0
λ[100][362] = 0
λ[101][0] = 0
λ[102][325] = 0
λ[103][329] = 0
λ[104][104] = 0
λ[105][373] = 0
λ[106][129] = 0
λ[107][257] = 0
λ[108][345] = 0
λ[109][120] = 0
λ[110][355] = 0
λ[111][208] = 0
λ[112][169] = 0
λ[113][161] = 0
λ[114][137] = 0
λ[115][86] = 0
λ[116][232] = 0
λ[117][264] = 0
λ[118][84] = 0
λ[119][406] = 0
λ[120][188] = 0
λ[121][57] = 0
λ[122][498] = 0
λ[123][476] = 0
λ[124][145] = 0
λ[125][389] = 0
λ[126][141] = 0
λ[127][217] = 0
λ[128][47] = 0
λ[129][261] = 0
λ[130][331] = 0
λ[131][195] = 0
λ[132][138] = 0
λ[133][396] = 0
λ[134][59] = 0
λ[135][487] = 0
λ[136][91] = 0
λ[137][94] = 0
λ[138][421] = 0
λ[139][322] = 0
λ[140][65] = 0
λ[141][192] = 0
λ[142][464] = 0
λ[143][269] = 0
λ[144][123] = 0
λ[145][201] = 0
λ[146][346] = 0
λ[147][246] = 0
λ[148][95] = 0
λ[149][76] = 0
λ[150][226] = 0
λ[151][284] = 0
λ[152][466] = 0
λ[153][185] = 0
λ[154][5] = 0
λ[155][455] = 0
λ[156][351] = 0
λ[157][485] = 0
λ[158][497] = 0
λ[159][198] = 0
λ[160][401] = 0
λ[161][481] = 0
λ[162][382] = 0
λ[163][297] = 0
λ[164][151] = 0
λ[165][52] = 0
λ[166][121] = 0
λ[167][384] = 0
λ[168][163] = 0
λ[169][272] = 0
λ[170][335] = 0
λ[171][262] = 0
λ[172][377] = 0
λ[173][135] = 0
λ[174][160] = 0
λ[175][78] = 0
λ[176][186] = 0
λ[177][327] = 0
λ[178][50] = 0
λ[179][381] = 0
λ[180][356] = 0
λ[181][259] = 0
λ[182][472] = 0
λ[183][342] = 0
λ[184][63] = 0
λ[185][92] = 0
λ[186][452] = 0
λ[187][178] = 0
λ[188][191] = 0
λ[189][242] = 0
λ[190][48] = 0
λ[191][213] = 0
λ[192][437] = 0
λ[193][375] = 0
λ[194][98] = 0
λ[195][26] = 0
λ[196][36] = 0
λ[197][40] = 0
λ[198][230] = 0
λ[199][445] = 0
λ[200][64] = 0
λ[201][243] = 0
λ[202][173] = 0
λ[203][62] = 0
λ[204][453] = 0
λ[205][8] = 0
λ[206][109] = 0
λ[207][411] = 0
λ[208][308] = 0
λ[209][412] = 0
λ[210][69] = 0
λ[211][311] = 0
λ[212][216] = 0
λ[213][496] = 0
λ[214][83] = 0
λ[215][134] = 0
λ[216][435] = 0
λ[217][315] = 0
λ[218][271] = 0
λ[219][253] = 0
λ[220][484] = 0
λ[221][274] = 0
λ[222][206] = 0
λ[223][279] = 0
λ[224][410] = 0
λ[225][125] = 0
λ[226][361] = 0
λ[227][149] = 0
λ[228][360] = 0
λ[229][72] = 0
λ[230][45] = 0
λ[231][300] = 0
λ[232][313] = 0
λ[233][366] = 0
λ[234][70] = 0
λ[235][407] = 0
λ[236][82] = 0
λ[237][418] = 0
λ[238][462] = 0
λ[239][99] = 0
λ[240][51] = 0
λ[241][239] = 0
λ[242][240] = 0
λ[243][176] = 0
λ[244][460] = 0
λ[245][352] = 0
λ[246][241] = 0
λ[247][379] = 0
λ[248][371] = 0
λ[249][38] = 0
λ[250][265] = 0
λ[251][281] = 0
λ[252][25] = 0
λ[253][387] = 0
λ[254][228] = 0
λ[255][288] = 0
λ[256][117] = 0
λ[257][403] = 0
λ[258][89] = 0
λ[259][282] = 0
λ[260][19] = 0
λ[261][15] = 0
λ[262][154] = 0
λ[263][126] = 0
λ[264][267] = 0
λ[265][473] = 0
λ[266][60] = 0
λ[267][165] = 0
λ[268][441] = 0
λ[269][438] = 0
λ[270][296] = 0
λ[271][465] = 0
λ[272][21] = 0
λ[273][474] = 0
λ[274][370] = 0
λ[275][80] = 0
λ[276][398] = 0
λ[277][6] = 0
λ[278][463] = 0
λ[279][349] = 0
λ[280][306] = 0
λ[281][392] = 0
λ[282][85] = 0
λ[283][368] = 0
λ[284][290] = 0
λ[285][252] = 0
λ[286][458] = 0
λ[287][408] = 0
λ[288][378] = 0
λ[289][286] = 0
λ[290][172] = 0
λ[291][108] = 0
λ[292][56] = 0
λ[293][432] = 0
λ[294][245] = 0
λ[295][234] = 0
λ[296][12] = 0
λ[297][298] = 0
λ[298][209] = 0
λ[299][424] = 0
λ[300][101] = 0
λ[301][28] = 0
λ[302][2] = 0
λ[303][102] = 0
λ[304][214] = 0
λ[305][10] = 0
λ[306][87] = 0
λ[307][66] = 0
λ[308][105] = 0
λ[309][244] = 0
λ[310][266] = 0
λ[311][9] = 0
λ[312][364] = 0
λ[313][34] = 0
λ[314][207] = 0
λ[315][132] = 0
λ[316][119] = 0
λ[317][447] = 0
λ[318][111] = 0
λ[319][182] = 0
λ[320][233] = 0
λ[321][404] = 0
λ[322][294] = 0
λ[323][23] = 0
λ[324][73] = 0
λ[325][376] = 0
λ[326][220] = 0
λ[327][200] = 0
λ[328][199] = 0
λ[329][383] = 0
λ[330][189] = 0
λ[331][142] = 0
λ[332][333] = 0
λ[333][183] = 0
λ[334][35] = 0
λ[335][357] = 0
λ[336][443] = 0
λ[337][152] = 0
λ[338][400] = 0
λ[339][100] = 0
λ[340][388] = 0
λ[341][210] = 0
λ[342][22] = 0
λ[343][222] = 0
λ[344][369] = 0
λ[345][193] = 0
λ[346][177] = 0
λ[347][494] = 0
λ[348][205] = 0
λ[349][42] = 0
λ[350][166] = 0
λ[351][348] = 0
λ[352][113] = 0
λ[353][27] = 0
λ[354][310] = 0
λ[355][469] = 0
λ[356][54] = 0
λ[357][291] = 0
λ[358][221] = 0
λ[359][467] = 0
λ[360][128] = 0
λ[361][477] = 0
λ[362][190] = 0
λ[363][402] = 0
λ[364][46] = 0
λ[365][450] = 0
λ[366][319] = 0
λ[367][158] = 0
λ[368][77] = 0
λ[369][32] = 0
λ[370][334] = 0
λ[371][251] = 0
λ[372][323] = 0
λ[373][196] = 0
λ[374][238] = 0
λ[375][350] = 0
λ[376][340] = 0
λ[377][212] = 0
λ[378][130] = 0
λ[379][341] = 0
λ[380][276] = 0
λ[381][61] = 0
λ[382][316] = 0
λ[383][423] = 0
λ[384][273] = 0
λ[385][53] = 0
λ[386][478] = 0
λ[387][338] = 0
λ[388][337] = 0
λ[389][156] = 0
λ[390][39] = 0
λ[391][299] = 0
λ[392][475] = 0
λ[393][451] = 0
λ[394][219] = 0
λ[395][153] = 0
λ[396][416] = 0
λ[397][162] = 0
λ[398][211] = 0
λ[399][224] = 0
λ[400][422] = 0
λ[401][146] = 0
λ[402][127] = 0
λ[403][3] = 0
λ[404][395] = 0
λ[405][479] = 0
λ[406][49] = 0
λ[407][18] = 0
λ[408][75] = 0
λ[409][170] = 0
λ[410][486] = 0
λ[411][1] = 0
λ[412][140] = 0
λ[413][431] = 0
λ[414][461] = 0
λ[415][343] = 0
λ[416][490] = 0
λ[417][270] = 0
λ[418][414] = 0
λ[419][115] = 0
λ[420][107] = 0
λ[421][372] = 0
λ[422][16] = 0
λ[423][309] = 0
λ[424][285] = 0
λ[425][427] = 0
λ[426][79] = 0
λ[427][468] = 0
λ[428][225] = 0
λ[429][131] = 0
λ[430][292] = 0
λ[431][397] = 0
λ[432][204] = 0
λ[433][339] = 0
λ[434][81] = 0
λ[435][96] = 0
λ[436][30] = 0
λ[437][150] = 0
λ[438][328] = 0
λ[439][227] = 0
λ[440][133] = 0
λ[441][171] = 0
λ[442][250] = 0
λ[443][254] = 0
λ[444][444] = 0
λ[445][268] = 0
λ[446][71] = 0
λ[447][456] = 0
λ[448][103] = 0
λ[449][136] = 0
λ[450][248] = 0
λ[451][184] = 0
λ[452][143] = 0
λ[453][304] = 0
λ[454][429] = 0
λ[455][303] = 0
λ[456][247] = 0
λ[457][492] = 0
λ[458][394] = 0
λ[459][24] = 0
λ[460][302] = 0
λ[461][380] = 0
λ[462][194] = 0
λ[463][482] = 0
λ[464][415] = 0
λ[465][457] = 0
λ[466][471] = 0
λ[467][390] = 0
λ[468][258] = 0
λ[469][114] = 0
λ[470][293] = 0
λ[471][425] = 0
λ[472][37] = 0
λ[473][116] = 0
λ[474][430] = 0
λ[475][159] = 0
λ[476][446] = 0
λ[477][405] = 0
λ[478][324] = 0
λ[479][164] = 0
λ[480][44] = 0
λ[481][358] = 0
λ[482][280] = 0
λ[483][167] = 0
λ[484][90] = 0
λ[485][483] = 0
λ[486][480] = 0
λ[487][275] = 0
λ[488][202] = 0
λ[489][307] = 0
λ[490][399] = 0
λ[491][31] = 0
λ[492][321] = 0
λ[493][326] = 0
λ[494][55] = 0
λ[495][448] = 0
λ[496][203] = 0
λ[497][11] = 0
λ[498][260] = 0
λ[499][320] = 0

========================================================
TEMPO DE EXECUÇÃO DO VND: 0.00601434 segundos
========================================================

